0001_0032_0012_0053_0053.jpg 1 32 12 53 53
0002_0067_0022_0025_0025.jpg 1 67 22 25 25
0003_0021_0018_0066_0066.jpg 1 21 18 66 66
0004_0019_0030_0048_0048.jpg 1 19 30 48 48
0005_0008_0015_0055_0055.jpg 1 8 15 55 55
0006_0011_0007_0059_0059.jpg 1 11 7 59 59
0007_0026_0011_0041_0041.jpg 1 26 11 41 41
0008_0053_0049_0039_0039.jpg 1 53 49 39 39
0009_0022_0022_0068_0068.jpg 1 22 22 68 68
0010_0040_0013_0053_0053.jpg 1 40 13 53 53
0011_0004_0021_0064_0064.jpg 1 4 21 64 64
0012_0022_0047_0041_0041.jpg 1 22 47 41 41
0013_0015_0031_0051_0051.jpg 1 15 31 51 51
0014_0015_0032_0029_0029.jpg 1 15 32 29 29
0015_0026_0038_0049_0049.jpg 1 26 38 49 49
0016_0015_0029_0034_0034.jpg 1 15 29 34 34
0017_0012_0039_0050_0050.jpg 1 12 39 50 50
0018_0011_0048_0036_0036.jpg 1 11 48 36 36
0019_0017_0042_0034_0034.jpg 1 17 42 34 34
0020_0016_0020_0069_0069.jpg 1 16 20 69 69
0021_0033_0037_0058_0058.jpg 1 33 37 58 58
0022_0013_0032_0052_0052.jpg 1 13 32 52 52
0023_0039_0008_0026_0026.jpg 1 39 8 26 26
0024_0060_0050_0029_0029.jpg 1 60 50 29 29
0025_0027_0030_0065_0065.jpg 1 27 30 65 65
0026_0029_0021_0034_0034.jpg 1 29 21 34 34
0027_0018_0010_0024_0024.jpg 1 18 10 24 24
0028_0041_0029_0054_0054.jpg 1 41 29 54 54
0029_0015_0030_0059_0059.jpg 1 15 30 59 59
0030_0021_0006_0062_0062.jpg 1 21 6 62 62
0031_0022_0046_0042_0042.jpg 1 22 46 42 42
0032_0029_0038_0028_0028.jpg 1 29 38 28 28
0033_0030_0018_0056_0056.jpg 1 30 18 56 56
0034_0039_0021_0052_0052.jpg 1 39 21 52 52
0035_0021_0027_0056_0056.jpg 1 21 27 56 56
0036_0042_0020_0047_0047.jpg 1 42 20 47 47
0037_0009_0012_0051_0051.jpg 1 9 12 51 51
0038_0017_0007_0058_0058.jpg 1 17 7 58 58
0039_0021_0015_0048_0048.jpg 1 21 15 48 48
0040_0011_0020_0060_0060.jpg 1 11 20 60 60
0041_0039_0009_0037_0037.jpg 1 39 9 37 37
0042_0009_0008_0068_0068.jpg 1 9 8 68 68
0043_0038_0048_0037_0037.jpg 1 38 48 37 37
0044_0040_0012_0048_0048.jpg 1 40 12 48 48
0045_0012_0012_0069_0069.jpg 1 12 12 69 69
0046_0041_0048_0043_0043.jpg 1 41 48 43 43
0047_0028_0010_0060_0060.jpg 1 28 10 60 60
0048_0029_0029_0038_0038.jpg 1 29 29 38 38
0049_0044_0027_0028_0028.jpg 1 44 27 28 28
0050_0044_0046_0037_0037.jpg 1 44 46 37 37
0051_0013_0025_0030_0030.jpg 1 13 25 30 30
0052_0016_0020_0042_0042.jpg 1 16 20 42 42
0053_0004_0033_0056_0056.jpg 1 4 33 56 56
0054_0016_0013_0025_0025.jpg 1 16 13 25 25
0055_0013_0028_0057_0057.jpg 1 13 28 57 57
0056_0024_0012_0069_0069.jpg 1 24 12 69 69
0057_0015_0004_0062_0062.jpg 1 15 4 62 62
0058_0021_0036_0035_0035.jpg 1 21 36 35 35
0059_0035_0029_0051_0051.jpg 1 35 29 51 51
0060_0035_0016_0057_0057.jpg 1 35 16 57 57
0061_0012_0007_0062_0062.jpg 1 12 7 62 62
0062_0040_0039_0042_0042.jpg 1 40 39 42 42
0063_0008_0033_0028_0028.jpg 1 8 33 28 28
0064_0040_0024_0053_0053.jpg 1 40 24 53 53
0065_0034_0042_0047_0047.jpg 1 34 42 47 47
0066_0020_0041_0044_0044.jpg 1 20 41 44 44
0067_0022_0033_0058_0058.jpg 1 22 33 58 58
0068_0024_0016_0069_0069.jpg 1 24 16 69 69
0069_0005_0031_0054_0054.jpg 1 5 31 54 54
0070_0009_0026_0041_0041.jpg 1 9 26 41 41
0071_0049_0015_0028_0028.jpg 1 49 15 28 28
0072_0039_0029_0041_0041.jpg 1 39 29 41 41
0073_0013_0022_0059_0059.jpg 1 13 22 59 59
0074_0044_0025_0038_0038.jpg 1 44 25 38 38
0075_0017_0020_0056_0056.jpg 1 17 20 56 56
0076_0010_0039_0029_0029.jpg 1 10 39 29 29
0077_0036_0022_0044_0044.jpg 1 36 22 44 44
0078_0058_0030_0024_0024.jpg 1 58 30 24 24
0079_0056_0047_0034_0034.jpg 1 56 47 34 34
0080_0035_0051_0041_0041.jpg 1 35 51 41 41
0081_0008_0017_0061_0061.jpg 1 8 17 61 61
0082_0050_0037_0028_0028.jpg 1 50 37 28 28
0083_0027_0020_0061_0061.jpg 1 27 20 61 61
0084_0041_0039_0039_0039.jpg 1 41 39 39 39
0085_0035_0048_0044_0044.jpg 1 35 48 44 44
0086_0024_0007_0049_0049.jpg 1 24 7 49 49
0087_0030_0007_0060_0060.jpg 1 30 7 60 60
0088_0019_0032_0039_0039.jpg 1 19 32 39 39
0089_0050_0018_0036_0036.jpg 1 50 18 36 36
0090_0013_0028_0035_0035.jpg 1 13 28 35 35
0091_0027_0020_0064_0064.jpg 1 27 20 64 64
0092_0046_0058_0033_0033.jpg 1 46 58 33 33
0093_0006_0004_0051_0051.jpg 1 6 4 51 51
0094_0030_0045_0029_0029.jpg 1 30 45 29 29
0095_0043_0027_0041_0041.jpg 1 43 27 41 41
0096_0027_0017_0059_0059.jpg 1 27 17 59 59
0097_0013_0030_0065_0065.jpg 1 13 30 65 65
0098_0017_0019_0064_0064.jpg 1 17 19 64 64
0099_0032_0025_0052_0052.jpg 1 32 25 52 52
0100_0056_0050_0031_0031.jpg 1 56 50 31 31
0101_0014_0017_0047_0047.jpg 1 14 17 47 47
0102_0028_0019_0064_0064.jpg 1 28 19 64 64
0103_0032_0035_0048_0048.jpg 1 32 35 48 48
0104_0030_0025_0061_0061.jpg 1 30 25 61 61
0105_0008_0024_0062_0062.jpg 1 8 24 62 62
0106_0051_0033_0033_0033.jpg 1 51 33 33 33
0107_0031_0040_0041_0041.jpg 1 31 40 41 41
0108_0014_0045_0031_0031.jpg 1 14 45 31 31
0109_0020_0007_0058_0058.jpg 1 20 7 58 58
0110_0007_0026_0065_0065.jpg 1 7 26 65 65
0111_0013_0018_0033_0033.jpg 1 13 18 33 33
0112_0033_0018_0055_0055.jpg 1 33 18 55 55
0113_0021_0013_0035_0035.jpg 1 21 13 35 35
0114_0013_0014_0047_0047.jpg 1 13 14 47 47
0115_0019_0018_0057_0057.jpg 1 19 18 57 57
0116_0019_0031_0058_0058.jpg 1 19 31 58 58
0117_0028_0029_0066_0066.jpg 1 28 29 66 66
0118_0032_0025_0029_0029.jpg 1 32 25 29 29
0119_0004_0006_0067_0067.jpg 1 4 6 67 67
0120_0009_0027_0064_0064.jpg 1 9 27 64 64
0121_0028_0054_0031_0031.jpg 1 28 54 31 31
0122_0022_0024_0062_0062.jpg 1 22 24 62 62
0123_0041_0006_0047_0047.jpg 1 41 6 47 47
0124_0030_0023_0065_0065.jpg 1 30 23 65 65
0125_0035_0006_0060_0060.jpg 1 35 6 60 60
0126_0014_0018_0064_0064.jpg 1 14 18 64 64
0127_0029_0018_0066_0066.jpg 1 29 18 66 66
0128_0018_0012_0063_0063.jpg 1 18 12 63 63
0129_0042_0049_0035_0035.jpg 1 42 49 35 35
0130_0009_0029_0048_0048.jpg 1 9 29 48 48
0131_0049_0029_0044_0044.jpg 1 49 29 44 44
0132_0045_0045_0034_0034.jpg 1 45 45 34 34
0133_0015_0016_0032_0032.jpg 1 15 16 32 32
0134_0019_0038_0050_0050.jpg 1 19 38 50 50
0135_0034_0029_0032_0032.jpg 1 34 29 32 32
0136_0036_0063_0028_0028.jpg 1 36 63 28 28
0137_0021_0028_0060_0060.jpg 1 21 28 60 60
0138_0015_0023_0061_0061.jpg 1 15 23 61 61
0139_0005_0012_0058_0058.jpg 1 5 12 58 58
0140_0044_0038_0041_0041.jpg 1 44 38 41 41
0141_0021_0046_0037_0037.jpg 1 21 46 37 37
0142_0056_0059_0025_0025.jpg 1 56 59 25 25
0143_0032_0015_0063_0063.jpg 1 32 15 63 63
0144_0007_0019_0037_0037.jpg 1 7 19 37 37
0145_0048_0018_0044_0044.jpg 1 48 18 44 44
0146_0059_0020_0033_0033.jpg 1 59 20 33 33
0147_0034_0035_0028_0028.jpg 1 34 35 28 28
0148_0028_0036_0053_0053.jpg 1 28 36 53 53
0149_0018_0049_0029_0029.jpg 1 18 49 29 29
0150_0025_0012_0068_0068.jpg 1 25 12 68 68
0151_0007_0036_0055_0055.jpg 1 7 36 55 55
0152_0044_0048_0042_0042.jpg 1 44 48 42 42
0153_0025_0010_0066_0066.jpg 1 25 10 66 66
0154_0039_0024_0047_0047.jpg 1 39 24 47 47
0155_0011_0011_0025_0025.jpg 1 11 11 25 25
0156_0039_0045_0036_0036.jpg 1 39 45 36 36
0157_0018_0038_0050_0050.jpg 1 18 38 50 50
0158_0015_0019_0051_0051.jpg 1 15 19 51 51
0159_0013_0016_0063_0063.jpg 1 13 16 63 63
0160_0037_0032_0038_0038.jpg 1 37 32 38 38
0161_0042_0019_0041_0041.jpg 1 42 19 41 41
0162_0019_0016_0041_0041.jpg 1 19 16 41 41
0163_0030_0020_0036_0036.jpg 1 30 20 36 36
0164_0017_0014_0054_0054.jpg 1 17 14 54 54
0165_0038_0032_0045_0045.jpg 1 38 32 45 45
0166_0044_0048_0033_0033.jpg 1 44 48 33 33
0167_0011_0027_0050_0050.jpg 1 11 27 50 50
0168_0021_0027_0062_0062.jpg 1 21 27 62 62
0169_0043_0037_0047_0047.jpg 1 43 37 47 47
0170_0017_0031_0033_0033.jpg 1 17 31 33 33
0171_0061_0064_0025_0025.jpg 1 61 64 25 25
0172_0008_0039_0024_0024.jpg 1 8 39 24 24
0173_0008_0035_0048_0048.jpg 1 8 35 48 48
0174_0025_0011_0030_0030.jpg 1 25 11 30 30
0175_0032_0025_0061_0061.jpg 1 32 25 61 61
0176_0013_0010_0064_0064.jpg 1 13 10 64 64
0177_0018_0018_0065_0065.jpg 1 18 18 65 65
0178_0026_0007_0036_0036.jpg 1 26 7 36 36
0179_0046_0037_0043_0043.jpg 1 46 37 43 43
0180_0011_0030_0039_0039.jpg 1 11 30 39 39
0181_0014_0041_0029_0029.jpg 1 14 41 29 29
0182_0023_0011_0054_0054.jpg 1 23 11 54 54
0183_0024_0042_0046_0046.jpg 1 24 42 46 46
0184_0049_0030_0027_0027.jpg 1 49 30 27 27
0185_0020_0023_0064_0064.jpg 1 20 23 64 64
0186_0016_0022_0060_0060.jpg 1 16 22 60 60
0187_0016_0007_0063_0063.jpg 1 16 7 63 63
0188_0011_0012_0063_0063.jpg 1 11 12 63 63
0189_0007_0008_0057_0057.jpg 1 7 8 57 57
0190_0020_0064_0026_0026.jpg 1 20 64 26 26
0191_0035_0029_0044_0044.jpg 1 35 29 44 44
0192_0010_0044_0045_0045.jpg 1 10 44 45 45
0193_0019_0007_0036_0036.jpg 1 19 7 36 36
0194_0047_0008_0027_0027.jpg 1 47 8 27 27
0195_0028_0018_0053_0053.jpg 1 28 18 53 53
0196_0046_0041_0044_0044.jpg 1 46 41 44 44
0197_0040_0042_0049_0049.jpg 1 40 42 49 49
0198_0016_0043_0040_0040.jpg 1 16 43 40 40
0199_0009_0026_0062_0062.jpg 1 9 26 62 62
0200_0031_0018_0051_0051.jpg 1 31 18 51 51
0201_0015_0036_0053_0053.jpg 1 15 36 53 53
0202_0030_0007_0057_0057.jpg 1 30 7 57 57
0203_0030_0032_0048_0048.jpg 1 30 32 48 48
0204_0032_0035_0026_0026.jpg 1 32 35 26 26
0205_0012_0008_0062_0062.jpg 1 12 8 62 62
0206_0015_0014_0042_0042.jpg 1 15 14 42 42
0207_0022_0015_0025_0025.jpg 1 22 15 25 25
0208_0018_0010_0065_0065.jpg 1 18 10 65 65
0209_0035_0007_0041_0041.jpg 1 35 7 41 41
0210_0047_0042_0041_0041.jpg 1 47 42 41 41
0211_0049_0046_0031_0031.jpg 1 49 46 31 31
0212_0063_0052_0029_0029.jpg 1 63 52 29 29
0213_0031_0033_0062_0062.jpg 1 31 33 62 62
0214_0012_0030_0028_0028.jpg 1 12 30 28 28
0215_0025_0029_0051_0051.jpg 1 25 29 51 51
0216_0013_0025_0047_0047.jpg 1 13 25 47 47
0217_0043_0038_0027_0027.jpg 1 43 38 27 27
0218_0019_0024_0068_0068.jpg 1 19 24 68 68
0219_0058_0056_0025_0025.jpg 1 58 56 25 25
0220_0018_0037_0057_0057.jpg 1 18 37 57 57
0221_0031_0018_0052_0052.jpg 1 31 18 52 52
0222_0054_0039_0029_0029.jpg 1 54 39 29 29
0223_0048_0042_0039_0039.jpg 1 48 42 39 39
0224_0014_0037_0057_0057.jpg 1 14 37 57 57
0225_0021_0007_0043_0043.jpg 1 21 7 43 43
0226_0007_0013_0052_0052.jpg 1 7 13 52 52
0227_0020_0028_0040_0040.jpg 1 20 28 40 40
0228_0037_0015_0054_0054.jpg 1 37 15 54 54
0229_0027_0005_0069_0069.jpg 1 27 5 69 69
0230_0047_0009_0046_0046.jpg 1 47 9 46 46
0231_0023_0032_0053_0053.jpg 1 23 32 53 53
0232_0010_0033_0030_0030.jpg 1 10 33 30 30
0233_0049_0013_0044_0044.jpg 1 49 13 44 44
0234_0026_0010_0064_0064.jpg 1 26 10 64 64
0235_0039_0015_0047_0047.jpg 1 39 15 47 47
0236_0007_0026_0045_0045.jpg 1 7 26 45 45
0237_0023_0052_0030_0030.jpg 1 23 52 30 30
0238_0007_0043_0047_0047.jpg 1 7 43 47 47
0239_0059_0032_0026_0026.jpg 1 59 32 26 26
0240_0031_0039_0041_0041.jpg 1 31 39 41 41
0241_0012_0006_0053_0053.jpg 1 12 6 53 53
0242_0013_0006_0066_0066.jpg 1 13 6 66 66
0243_0010_0025_0038_0038.jpg 1 10 25 38 38
0244_0037_0028_0024_0024.jpg 1 37 28 24 24
0245_0034_0008_0046_0046.jpg 1 34 8 46 46
0246_0035_0040_0038_0038.jpg 1 35 40 38 38
0247_0024_0048_0037_0037.jpg 1 24 48 37 37
0248_0027_0013_0063_0063.jpg 1 27 13 63 63
0249_0034_0050_0025_0025.jpg 1 34 50 25 25
0250_0012_0050_0028_0028.jpg 1 12 50 28 28
0251_0029_0041_0025_0025.jpg 1 29 41 25 25
0252_0034_0032_0055_0055.jpg 1 34 32 55 55
0253_0037_0043_0025_0025.jpg 1 37 43 25 25
0254_0039_0006_0053_0053.jpg 1 39 6 53 53
0255_0039_0011_0028_0028.jpg 1 39 11 28 28
0256_0005_0018_0059_0059.jpg 1 5 18 59 59
0257_0009_0029_0067_0067.jpg 1 9 29 67 67
0258_0031_0060_0032_0032.jpg 1 31 60 32 32
0259_0005_0021_0047_0047.jpg 1 5 21 47 47
0260_0052_0053_0036_0036.jpg 1 52 53 36 36
0261_0032_0036_0028_0028.jpg 1 32 36 28 28
0262_0042_0026_0043_0043.jpg 1 42 26 43 43
0263_0026_0021_0063_0063.jpg 1 26 21 63 63
0264_0013_0009_0068_0068.jpg 1 13 9 68 68
0265_0013_0025_0058_0058.jpg 1 13 25 58 58
0266_0015_0032_0031_0031.jpg 1 15 32 31 31
0267_0009_0016_0067_0067.jpg 1 9 16 67 67
0268_0031_0049_0024_0024.jpg 1 31 49 24 24
0269_0040_0010_0051_0051.jpg 1 40 10 51 51
0270_0011_0045_0048_0048.jpg 1 11 45 48 48
0271_0032_0056_0033_0033.jpg 1 32 56 33 33
0272_0017_0033_0043_0043.jpg 1 17 33 43 43
0273_0028_0006_0050_0050.jpg 1 28 6 50 50
0274_0027_0008_0040_0040.jpg 1 27 8 40 40
0275_0014_0017_0037_0037.jpg 1 14 17 37 37
0276_0028_0039_0039_0039.jpg 1 28 39 39 39
0277_0044_0015_0048_0048.jpg 1 44 15 48 48
0278_0021_0038_0041_0041.jpg 1 21 38 41 41
0279_0024_0034_0058_0058.jpg 1 24 34 58 58
0280_0011_0025_0063_0063.jpg 1 11 25 63 63
0281_0006_0037_0052_0052.jpg 1 6 37 52 52
0282_0014_0035_0041_0041.jpg 1 14 35 41 41
0283_0038_0020_0051_0051.jpg 1 38 20 51 51
0284_0024_0048_0025_0025.jpg 1 24 48 25 25
0285_0022_0010_0055_0055.jpg 1 22 10 55 55
0286_0011_0026_0047_0047.jpg 1 11 26 47 47
0287_0047_0052_0037_0037.jpg 1 47 52 37 37
0288_0035_0009_0053_0053.jpg 1 35 9 53 53
0289_0038_0057_0032_0032.jpg 1 38 57 32 32
0290_0042_0009_0052_0052.jpg 1 42 9 52 52
0291_0038_0024_0046_0046.jpg 1 38 24 46 46
0292_0005_0029_0046_0046.jpg 1 5 29 46 46
0293_0046_0045_0045_0045.jpg 1 46 45 45 45
0294_0012_0008_0065_0065.jpg 1 12 8 65 65
0295_0021_0004_0066_0066.jpg 1 21 4 66 66
0296_0028_0008_0042_0042.jpg 1 28 8 42 42
0297_0043_0027_0049_0049.jpg 1 43 27 49 49
0298_0019_0005_0064_0064.jpg 1 19 5 64 64
0299_0008_0018_0059_0059.jpg 1 8 18 59 59
0300_0018_0028_0042_0042.jpg 1 18 28 42 42
0301_0028_0023_0068_0068.jpg 1 28 23 68 68
0302_0026_0056_0025_0025.jpg 1 26 56 25 25
0303_0008_0015_0056_0056.jpg 1 8 15 56 56
0304_0039_0015_0054_0054.jpg 1 39 15 54 54
0305_0030_0023_0066_0066.jpg 1 30 23 66 66
0306_0022_0022_0024_0024.jpg 1 22 22 24 24
0307_0036_0016_0055_0055.jpg 1 36 16 55 55
0308_0028_0051_0040_0040.jpg 1 28 51 40 40
0309_0043_0035_0049_0049.jpg 1 43 35 49 49
0310_0008_0021_0042_0042.jpg 1 8 21 42 42
0311_0052_0028_0026_0026.jpg 1 52 28 26 26
0312_0011_0047_0039_0039.jpg 1 11 47 39 39
0313_0046_0037_0033_0033.jpg 1 46 37 33 33
0314_0039_0015_0031_0031.jpg 1 39 15 31 31
0315_0010_0024_0041_0041.jpg 1 10 24 41 41
0316_0012_0033_0055_0055.jpg 1 12 33 55 55
0317_0028_0014_0068_0068.jpg 1 28 14 68 68
0318_0026_0019_0044_0044.jpg 1 26 19 44 44
0319_0037_0008_0032_0032.jpg 1 37 8 32 32
0320_0049_0025_0044_0044.jpg 1 49 25 44 44
0321_0029_0026_0041_0041.jpg 1 29 26 41 41
0322_0047_0024_0029_0029.jpg 1 47 24 29 29
0323_0028_0033_0056_0056.jpg 1 28 33 56 56
0324_0028_0054_0039_0039.jpg 1 28 54 39 39
0325_0033_0020_0028_0028.jpg 1 33 20 28 28
0326_0018_0033_0037_0037.jpg 1 18 33 37 37
0327_0037_0051_0041_0041.jpg 1 37 51 41 41
0328_0019_0005_0065_0065.jpg 1 19 5 65 65
0329_0027_0018_0056_0056.jpg 1 27 18 56 56
0330_0038_0037_0046_0046.jpg 1 38 37 46 46
0331_0032_0023_0054_0054.jpg 1 32 23 54 54
0332_0006_0010_0060_0060.jpg 1 6 10 60 60
0333_0018_0032_0062_0062.jpg 1 18 32 62 62
0334_0050_0021_0039_0039.jpg 1 50 21 39 39
0335_0017_0031_0058_0058.jpg 1 17 31 58 58
0336_0024_0004_0069_0069.jpg 1 24 4 69 69
0337_0022_0025_0049_0049.jpg 1 22 25 49 49
0338_0022_0039_0045_0045.jpg 1 22 39 45 45
0339_0021_0005_0064_0064.jpg 1 21 5 64 64
0340_0013_0035_0055_0055.jpg 1 13 35 55 55
0341_0020_0019_0024_0024.jpg 1 20 19 24 24
0342_0018_0020_0060_0060.jpg 1 18 20 60 60
0343_0037_0023_0052_0052.jpg 1 37 23 52 52
0344_0033_0016_0057_0057.jpg 1 33 16 57 57
0345_0011_0030_0044_0044.jpg 1 11 30 44 44
0346_0022_0017_0061_0061.jpg 1 22 17 61 61
0347_0031_0053_0033_0033.jpg 1 31 53 33 33
0348_0024_0007_0066_0066.jpg 1 24 7 66 66
0349_0011_0037_0056_0056.jpg 1 11 37 56 56
0350_0017_0023_0032_0032.jpg 1 17 23 32 32
0351_0039_0041_0052_0052.jpg 1 39 41 52 52
0352_0038_0032_0033_0033.jpg 1 38 32 33 33
0353_0014_0013_0050_0050.jpg 1 14 13 50 50
0354_0036_0030_0035_0035.jpg 1 36 30 35 35
0355_0037_0039_0025_0025.jpg 1 37 39 25 25
0356_0030_0015_0063_0063.jpg 1 30 15 63 63
0357_0022_0023_0064_0064.jpg 1 22 23 64 64
0358_0034_0045_0035_0035.jpg 1 34 45 35 35
0359_0013_0031_0035_0035.jpg 1 13 31 35 35
0360_0025_0060_0026_0026.jpg 1 25 60 26 26
0361_0005_0030_0065_0065.jpg 1 5 30 65 65
0362_0017_0016_0062_0062.jpg 1 17 16 62 62
0363_0026_0041_0047_0047.jpg 1 26 41 47 47
0364_0010_0043_0048_0048.jpg 1 10 43 48 48
0365_0007_0010_0051_0051.jpg 1 7 10 51 51
0366_0036_0041_0051_0051.jpg 1 36 41 51 51
0367_0045_0013_0046_0046.jpg 1 45 13 46 46
0368_0028_0028_0049_0049.jpg 1 28 28 49 49
0369_0030_0035_0053_0053.jpg 1 30 35 53 53
0370_0048_0023_0033_0033.jpg 1 48 23 33 33
0371_0034_0029_0041_0041.jpg 1 34 29 41 41
0372_0019_0056_0024_0024.jpg 1 19 56 24 24
0373_0029_0027_0066_0066.jpg 1 29 27 66 66
0374_0049_0033_0031_0031.jpg 1 49 33 31 31
0375_0052_0024_0042_0042.jpg 1 52 24 42 42
0376_0010_0040_0050_0050.jpg 1 10 40 50 50
0377_0031_0031_0035_0035.jpg 1 31 31 35 35
0378_0017_0018_0047_0047.jpg 1 17 18 47 47
0379_0017_0040_0042_0042.jpg 1 17 40 42 42
0380_0005_0032_0057_0057.jpg 1 5 32 57 57
0381_0011_0009_0058_0058.jpg 1 11 9 58 58
0382_0014_0008_0047_0047.jpg 1 14 8 47 47
0383_0017_0026_0025_0025.jpg 1 17 26 25 25
0384_0026_0012_0026_0026.jpg 1 26 12 26 26
0385_0012_0022_0065_0065.jpg 1 12 22 65 65
0386_0024_0016_0067_0067.jpg 1 24 16 67 67
0387_0045_0032_0038_0038.jpg 1 45 32 38 38
0388_0013_0019_0058_0058.jpg 1 13 19 58 58
0389_0024_0017_0028_0028.jpg 1 24 17 28 28
0390_0031_0059_0029_0029.jpg 1 31 59 29 29
0391_0024_0023_0036_0036.jpg 1 24 23 36 36
0392_0022_0031_0063_0063.jpg 1 22 31 63 63
0393_0064_0051_0024_0024.jpg 1 64 51 24 24
0394_0030_0028_0058_0058.jpg 1 30 28 58 58
0395_0045_0014_0039_0039.jpg 1 45 14 39 39
0396_0049_0045_0037_0037.jpg 1 49 45 37 37
0397_0015_0013_0064_0064.jpg 1 15 13 64 64
0398_0060_0014_0025_0025.jpg 1 60 14 25 25
0399_0018_0021_0068_0068.jpg 1 18 21 68 68
0400_0020_0042_0029_0029.jpg 1 20 42 29 29
0401_0013_0045_0044_0044.jpg 1 13 45 44 44
0402_0015_0009_0043_0043.jpg 1 15 9 43 43
0403_0014_0023_0068_0068.jpg 1 14 23 68 68
0404_0018_0057_0034_0034.jpg 1 18 57 34 34
0405_0047_0053_0036_0036.jpg 1 47 53 36 36
0406_0051_0026_0037_0037.jpg 1 51 26 37 37
0407_0021_0037_0048_0048.jpg 1 21 37 48 48
0408_0031_0006_0059_0059.jpg 1 31 6 59 59
0409_0037_0055_0035_0035.jpg 1 37 55 35 35
0410_0035_0010_0058_0058.jpg 1 35 10 58 58
0411_0019_0031_0059_0059.jpg 1 19 31 59 59
0412_0051_0031_0024_0024.jpg 1 51 31 24 24
0413_0040_0014_0048_0048.jpg 1 40 14 48 48
0414_0008_0066_0026_0026.jpg 1 8 66 26 26
0415_0014_0033_0030_0030.jpg 1 14 33 30 30
0416_0027_0023_0069_0069.jpg 1 27 23 69 69
0417_0026_0026_0061_0061.jpg 1 26 26 61 61
0418_0041_0036_0054_0054.jpg 1 41 36 54 54
0419_0040_0006_0047_0047.jpg 1 40 6 47 47
0420_0061_0054_0027_0027.jpg 1 61 54 27 27
0421_0019_0007_0065_0065.jpg 1 19 7 65 65
0422_0014_0024_0058_0058.jpg 1 14 24 58 58
0423_0017_0039_0047_0047.jpg 1 17 39 47 47
0424_0060_0008_0028_0028.jpg 1 60 8 28 28
0425_0040_0055_0038_0038.jpg 1 40 55 38 38
0426_0042_0033_0025_0025.jpg 1 42 33 25 25
0427_0037_0040_0051_0051.jpg 1 37 40 51 51
0428_0022_0035_0041_0041.jpg 1 22 35 41 41
0429_0016_0024_0063_0063.jpg 1 16 24 63 63
0430_0021_0044_0029_0029.jpg 1 21 44 29 29
0431_0023_0013_0065_0065.jpg 1 23 13 65 65
0432_0019_0006_0068_0068.jpg 1 19 6 68 68
0433_0019_0022_0025_0025.jpg 1 19 22 25 25
0434_0011_0025_0067_0067.jpg 1 11 25 67 67
0435_0008_0049_0033_0033.jpg 1 8 49 33 33
0436_0045_0017_0032_0032.jpg 1 45 17 32 32
0437_0023_0032_0045_0045.jpg 1 23 32 45 45
0438_0024_0013_0035_0035.jpg 1 24 13 35 35
0439_0008_0029_0065_0065.jpg 1 8 29 65 65
0440_0007_0015_0066_0066.jpg 1 7 15 66 66
0441_0007_0022_0057_0057.jpg 1 7 22 57 57
0442_0034_0039_0051_0051.jpg 1 34 39 51 51
0443_0027_0014_0045_0045.jpg 1 27 14 45 45
0444_0005_0026_0066_0066.jpg 1 5 26 66 66
0445_0038_0051_0027_0027.jpg 1 38 51 27 27
0446_0017_0023_0066_0066.jpg 1 17 23 66 66
0447_0020_0013_0059_0059.jpg 1 20 13 59 59
0448_0021_0006_0038_0038.jpg 1 21 6 38 38
0449_0013_0024_0040_0040.jpg 1 13 24 40 40
0450_0029_0019_0040_0040.jpg 1 29 19 40 40
0451_0035_0023_0025_0025.jpg 1 35 23 25 25
0452_0012_0026_0030_0030.jpg 1 12 26 30 30
0453_0021_0018_0055_0055.jpg 1 21 18 55 55
0454_0008_0036_0034_0034.jpg 1 8 36 34 34
0455_0016_0024_0039_0039.jpg 1 16 24 39 39
0456_0007_0007_0056_0056.jpg 1 7 7 56 56
0457_0015_0004_0056_0056.jpg 1 15 4 56 56
0458_0037_0019_0050_0050.jpg 1 37 19 50 50
0459_0026_0060_0031_0031.jpg 1 26 60 31 31
0460_0024_0021_0064_0064.jpg 1 24 21 64 64
0461_0049_0024_0035_0035.jpg 1 49 24 35 35
0462_0009_0017_0069_0069.jpg 1 9 17 69 69
0463_0007_0048_0044_0044.jpg 1 7 48 44 44
0464_0008_0034_0033_0033.jpg 1 8 34 33 33
0465_0048_0029_0027_0027.jpg 1 48 29 27 27
0466_0029_0017_0066_0066.jpg 1 29 17 66 66
0467_0015_0035_0049_0049.jpg 1 15 35 49 49
0468_0011_0021_0064_0064.jpg 1 11 21 64 64
0469_0008_0030_0033_0033.jpg 1 8 30 33 33
0470_0065_0011_0024_0024.jpg 1 65 11 24 24
0471_0052_0010_0036_0036.jpg 1 52 10 36 36
0472_0044_0052_0038_0038.jpg 1 44 52 38 38
0473_0048_0027_0030_0030.jpg 1 48 27 30 30
0474_0044_0026_0048_0048.jpg 1 44 26 48 48
0475_0027_0011_0069_0069.jpg 1 27 11 69 69
0476_0013_0053_0039_0039.jpg 1 13 53 39 39
0477_0050_0024_0041_0041.jpg 1 50 24 41 41
0478_0025_0011_0068_0068.jpg 1 25 11 68 68
0479_0040_0015_0029_0029.jpg 1 40 15 29 29
0480_0014_0039_0054_0054.jpg 1 14 39 54 54
0481_0022_0018_0063_0063.jpg 1 22 18 63 63
0482_0020_0004_0065_0065.jpg 1 20 4 65 65
0483_0010_0033_0042_0042.jpg 1 10 33 42 42
0484_0027_0034_0058_0058.jpg 1 27 34 58 58
0485_0028_0018_0067_0067.jpg 1 28 18 67 67
0486_0007_0008_0028_0028.jpg 1 7 8 28 28
0487_0015_0039_0046_0046.jpg 1 15 39 46 46
0488_0012_0021_0060_0060.jpg 1 12 21 60 60
0489_0064_0025_0026_0026.jpg 1 64 25 26 26
0490_0010_0025_0057_0057.jpg 1 10 25 57 57
0491_0040_0043_0049_0049.jpg 1 40 43 49 49
0492_0023_0035_0055_0055.jpg 1 23 35 55 55
0493_0007_0030_0052_0052.jpg 1 7 30 52 52
0494_0030_0016_0064_0064.jpg 1 30 16 64 64
0495_0017_0031_0048_0048.jpg 1 17 31 48 48
0496_0013_0005_0056_0056.jpg 1 13 5 56 56
0497_0021_0011_0063_0063.jpg 1 21 11 63 63
0498_0012_0025_0036_0036.jpg 1 12 25 36 36
0499_0014_0034_0061_0061.jpg 1 14 34 61 61
0500_0043_0024_0043_0043.jpg 1 43 24 43 43
0501_0046_0042_0029_0029.jpg 1 46 42 29 29
0502_0050_0009_0029_0029.jpg 1 50 9 29 29
0503_0015_0014_0048_0048.jpg 1 15 14 48 48
0504_0011_0052_0037_0037.jpg 1 11 52 37 37
0505_0028_0042_0028_0028.jpg 1 28 42 28 28
0506_0039_0017_0055_0055.jpg 1 39 17 55 55
0507_0035_0010_0048_0048.jpg 1 35 10 48 48
0508_0026_0017_0038_0038.jpg 1 26 17 38 38
0509_0030_0022_0058_0058.jpg 1 30 22 58 58
0510_0063_0017_0027_0027.jpg 1 63 17 27 27
0511_0015_0019_0061_0061.jpg 1 15 19 61 61
0512_0033_0046_0028_0028.jpg 1 33 46 28 28
0513_0019_0043_0046_0046.jpg 1 19 43 46 46
0514_0024_0037_0057_0057.jpg 1 24 37 57 57
0515_0042_0039_0048_0048.jpg 1 42 39 48 48
0516_0021_0038_0044_0044.jpg 1 21 38 44 44
0517_0015_0008_0062_0062.jpg 1 15 8 62 62
0518_0036_0058_0029_0029.jpg 1 36 58 29 29
0519_0020_0031_0050_0050.jpg 1 20 31 50 50
0520_0034_0007_0053_0053.jpg 1 34 7 53 53
0521_0025_0026_0066_0066.jpg 1 25 26 66 66
0522_0059_0029_0030_0030.jpg 1 59 29 30 30
0523_0012_0049_0030_0030.jpg 1 12 49 30 30
0524_0044_0029_0030_0030.jpg 1 44 29 30 30
0525_0020_0029_0061_0061.jpg 1 20 29 61 61
0526_0021_0010_0065_0065.jpg 1 21 10 65 65
0527_0008_0030_0061_0061.jpg 1 8 30 61 61
0528_0024_0022_0026_0026.jpg 1 24 22 26 26
0529_0036_0048_0043_0043.jpg 1 36 48 43 43
0530_0029_0035_0053_0053.jpg 1 29 35 53 53
0531_0020_0012_0068_0068.jpg 1 20 12 68 68
0532_0005_0020_0060_0060.jpg 1 5 20 60 60
0533_0036_0033_0031_0031.jpg 1 36 33 31 31
0534_0025_0035_0051_0051.jpg 1 25 35 51 51
0535_0016_0047_0036_0036.jpg 1 16 47 36 36
0536_0007_0019_0054_0054.jpg 1 7 19 54 54
0537_0036_0028_0049_0049.jpg 1 36 28 49 49
0538_0004_0012_0067_0067.jpg 1 4 12 67 67
0539_0008_0008_0040_0040.jpg 1 8 8 40 40
0540_0030_0034_0046_0046.jpg 1 30 34 46 46
0541_0029_0019_0026_0026.jpg 1 29 19 26 26
0542_0020_0059_0029_0029.jpg 1 20 59 29 29
0543_0023_0045_0025_0025.jpg 1 23 45 25 25
0544_0055_0044_0036_0036.jpg 1 55 44 36 36
0545_0016_0019_0068_0068.jpg 1 16 19 68 68
0546_0024_0025_0069_0069.jpg 1 24 25 69 69
0547_0006_0020_0050_0050.jpg 1 6 20 50 50
0548_0015_0015_0060_0060.jpg 1 15 15 60 60
0549_0030_0024_0060_0060.jpg 1 30 24 60 60
0550_0013_0031_0064_0064.jpg 1 13 31 64 64
0551_0015_0013_0067_0067.jpg 1 15 13 67 67
0552_0025_0030_0064_0064.jpg 1 25 30 64 64
0553_0028_0049_0042_0042.jpg 1 28 49 42 42
0554_0010_0044_0043_0043.jpg 1 10 44 43 43
0555_0031_0024_0053_0053.jpg 1 31 24 53 53
0556_0016_0049_0032_0032.jpg 1 16 49 32 32
0557_0021_0018_0037_0037.jpg 1 21 18 37 37
0558_0056_0026_0031_0031.jpg 1 56 26 31 31
0559_0046_0018_0034_0034.jpg 1 46 18 34 34
0560_0036_0055_0036_0036.jpg 1 36 55 36 36
0561_0007_0052_0039_0039.jpg 1 7 52 39 39
0562_0051_0049_0032_0032.jpg 1 51 49 32 32
0563_0034_0025_0050_0050.jpg 1 34 25 50 50
0564_0021_0042_0046_0046.jpg 1 21 42 46 46
0565_0025_0058_0031_0031.jpg 1 25 58 31 31
0566_0029_0016_0049_0049.jpg 1 29 16 49 49
0567_0006_0041_0047_0047.jpg 1 6 41 47 47
0568_0006_0026_0062_0062.jpg 1 6 26 62 62
0569_0025_0008_0063_0063.jpg 1 25 8 63 63
0570_0020_0007_0068_0068.jpg 1 20 7 68 68
0571_0015_0005_0055_0055.jpg 1 15 5 55 55
0572_0014_0015_0052_0052.jpg 1 14 15 52 52
0573_0049_0025_0028_0028.jpg 1 49 25 28 28
0574_0051_0023_0032_0032.jpg 1 51 23 32 32
0575_0018_0044_0049_0049.jpg 1 18 44 49 49
0576_0008_0017_0045_0045.jpg 1 8 17 45 45
0577_0020_0055_0038_0038.jpg 1 20 55 38 38
0578_0030_0025_0043_0043.jpg 1 30 25 43 43
0579_0038_0022_0042_0042.jpg 1 38 22 42 42
0580_0046_0026_0044_0044.jpg 1 46 26 44 44
0581_0029_0041_0036_0036.jpg 1 29 41 36 36
0582_0019_0054_0037_0037.jpg 1 19 54 37 37
0583_0034_0052_0041_0041.jpg 1 34 52 41 41
0584_0044_0022_0027_0027.jpg 1 44 22 27 27
0585_0024_0021_0056_0056.jpg 1 24 21 56 56
0586_0046_0048_0029_0029.jpg 1 46 48 29 29
0587_0033_0030_0029_0029.jpg 1 33 30 29 29
0588_0048_0054_0027_0027.jpg 1 48 54 27 27
0589_0025_0020_0057_0057.jpg 1 25 20 57 57
0590_0032_0052_0028_0028.jpg 1 32 52 28 28
0591_0010_0055_0035_0035.jpg 1 10 55 35 35
0592_0029_0015_0029_0029.jpg 1 29 15 29 29
0593_0031_0010_0050_0050.jpg 1 31 10 50 50
0594_0023_0017_0063_0063.jpg 1 23 17 63 63
0595_0005_0024_0048_0048.jpg 1 5 24 48 48
0596_0031_0016_0062_0062.jpg 1 31 16 62 62
0597_0013_0048_0033_0033.jpg 1 13 48 33 33
0598_0032_0032_0031_0031.jpg 1 32 32 31 31
0599_0021_0016_0058_0058.jpg 1 21 16 58 58
0600_0017_0019_0068_0068.jpg 1 17 19 68 68
0601_0034_0057_0033_0033.jpg 1 34 57 33 33
0602_0027_0040_0027_0027.jpg 1 27 40 27 27
0603_0013_0062_0025_0025.jpg 1 13 62 25 25
0604_0042_0021_0044_0044.jpg 1 42 21 44 44
0605_0033_0011_0054_0054.jpg 1 33 11 54 54
0606_0035_0025_0052_0052.jpg 1 35 25 52 52
0607_0024_0032_0060_0060.jpg 1 24 32 60 60
0608_0012_0035_0058_0058.jpg 1 12 35 58 58
0609_0010_0028_0066_0066.jpg 1 10 28 66 66
0610_0011_0019_0036_0036.jpg 1 11 19 36 36
0611_0041_0045_0035_0035.jpg 1 41 45 35 35
0612_0042_0058_0029_0029.jpg 1 42 58 29 29
0613_0017_0029_0045_0045.jpg 1 17 29 45 45
0614_0029_0032_0031_0031.jpg 1 29 32 31 31
0615_0016_0019_0043_0043.jpg 1 16 19 43 43
0616_0054_0036_0037_0037.jpg 1 54 36 37 37
0617_0024_0048_0037_0037.jpg 1 24 48 37 37
0618_0020_0021_0059_0059.jpg 1 20 21 59 59
0619_0008_0008_0057_0057.jpg 1 8 8 57 57
0620_0029_0025_0044_0044.jpg 1 29 25 44 44
0621_0032_0025_0057_0057.jpg 1 32 25 57 57
0622_0041_0024_0038_0038.jpg 1 41 24 38 38
0623_0006_0048_0036_0036.jpg 1 6 48 36 36
0624_0020_0027_0059_0059.jpg 1 20 27 59 59
0625_0028_0006_0042_0042.jpg 1 28 6 42 42
0626_0025_0044_0024_0024.jpg 1 25 44 24 24
0627_0038_0031_0044_0044.jpg 1 38 31 44 44
0628_0043_0026_0034_0034.jpg 1 43 26 34 34
0629_0013_0048_0046_0046.jpg 1 13 48 46 46
0630_0019_0012_0024_0024.jpg 1 19 12 24 24
0631_0027_0022_0069_0069.jpg 1 27 22 69 69
0632_0065_0009_0025_0025.jpg 1 65 9 25 25
0633_0039_0004_0052_0052.jpg 1 39 4 52 52
0634_0015_0022_0068_0068.jpg 1 15 22 68 68
0635_0013_0028_0062_0062.jpg 1 13 28 62 62
0636_0026_0022_0063_0063.jpg 1 26 22 63 63
0637_0018_0037_0057_0057.jpg 1 18 37 57 57
0638_0006_0006_0059_0059.jpg 1 6 6 59 59
0639_0051_0034_0040_0040.jpg 1 51 34 40 40
0640_0051_0046_0025_0025.jpg 1 51 46 25 25
0641_0035_0032_0057_0057.jpg 1 35 32 57 57
0642_0011_0009_0058_0058.jpg 1 11 9 58 58
0643_0011_0005_0067_0067.jpg 1 11 5 67 67
0644_0064_0022_0024_0024.jpg 1 64 22 24 24
0645_0012_0051_0034_0034.jpg 1 12 51 34 34
0646_0036_0029_0049_0049.jpg 1 36 29 49 49
0647_0020_0031_0064_0064.jpg 1 20 31 64 64
0648_0013_0008_0069_0069.jpg 1 13 8 69 69
0649_0058_0049_0025_0025.jpg 1 58 49 25 25
0650_0022_0020_0044_0044.jpg 1 22 20 44 44
0651_0012_0008_0052_0052.jpg 1 12 8 52 52
0652_0010_0050_0030_0030.jpg 1 10 50 30 30
0653_0034_0034_0043_0043.jpg 1 34 34 43 43
0654_0009_0008_0068_0068.jpg 1 9 8 68 68
0655_0003_0019_0069_0069.jpg 1 3 19 69 69
0656_0026_0023_0045_0045.jpg 1 26 23 45 45
0657_0053_0055_0038_0038.jpg 1 53 55 38 38
0658_0024_0025_0068_0068.jpg 1 24 25 68 68
0659_0010_0033_0053_0053.jpg 1 10 33 53 53
0660_0015_0034_0055_0055.jpg 1 15 34 55 55
0661_0019_0021_0055_0055.jpg 1 19 21 55 55
0662_0005_0022_0060_0060.jpg 1 5 22 60 60
0663_0034_0023_0024_0024.jpg 1 34 23 24 24
0664_0009_0053_0038_0038.jpg 1 9 53 38 38
0665_0018_0009_0064_0064.jpg 1 18 9 64 64
0666_0017_0036_0046_0046.jpg 1 17 36 46 46
0667_0047_0023_0044_0044.jpg 1 47 23 44 44
0668_0040_0011_0054_0054.jpg 1 40 11 54 54
0669_0046_0032_0036_0036.jpg 1 46 32 36 36
0670_0009_0025_0067_0067.jpg 1 9 25 67 67
0671_0020_0032_0058_0058.jpg 1 20 32 58 58
0672_0007_0016_0046_0046.jpg 1 7 16 46 46
0673_0017_0015_0057_0057.jpg 1 17 15 57 57
0674_0004_0023_0067_0067.jpg 1 4 23 67 67
0675_0042_0027_0034_0034.jpg 1 42 27 34 34
0676_0019_0013_0036_0036.jpg 1 19 13 36 36
0677_0037_0064_0025_0025.jpg 1 37 64 25 25
0678_0019_0014_0054_0054.jpg 1 19 14 54 54
0679_0030_0015_0062_0062.jpg 1 30 15 62 62
0680_0037_0046_0030_0030.jpg 1 37 46 30 30
0681_0031_0018_0043_0043.jpg 1 31 18 43 43
0682_0047_0030_0042_0042.jpg 1 47 30 42 42
0683_0009_0045_0032_0032.jpg 1 9 45 32 32
0684_0022_0040_0037_0037.jpg 1 22 40 37 37
0685_0012_0006_0068_0068.jpg 1 12 6 68 68
0686_0026_0025_0026_0026.jpg 1 26 25 26 26
0687_0052_0030_0038_0038.jpg 1 52 30 38 38
0688_0008_0042_0050_0050.jpg 1 8 42 50 50
0689_0032_0011_0044_0044.jpg 1 32 11 44 44
0690_0044_0044_0039_0039.jpg 1 44 44 39 39
0691_0030_0012_0059_0059.jpg 1 30 12 59 59
0692_0024_0008_0066_0066.jpg 1 24 8 66 66
0693_0036_0023_0049_0049.jpg 1 36 23 49 49
0694_0033_0031_0063_0063.jpg 1 33 31 63 63
0695_0024_0046_0025_0025.jpg 1 24 46 25 25
0696_0029_0046_0047_0047.jpg 1 29 46 47 47
0697_0035_0027_0059_0059.jpg 1 35 27 59 59
0698_0055_0036_0030_0030.jpg 1 55 36 30 30
0699_0046_0048_0024_0024.jpg 1 46 48 24 24
0700_0018_0011_0053_0053.jpg 1 18 11 53 53
0701_0011_0006_0058_0058.jpg 1 11 6 58 58
0702_0042_0040_0040_0040.jpg 1 42 40 40 40
0703_0030_0017_0053_0053.jpg 1 30 17 53 53
0704_0055_0054_0026_0026.jpg 1 55 54 26 26
0705_0027_0033_0024_0024.jpg 1 27 33 24 24
0706_0038_0032_0050_0050.jpg 1 38 32 50 50
0707_0027_0046_0046_0046.jpg 1 27 46 46 46
0708_0010_0021_0067_0067.jpg 1 10 21 67 67
0709_0024_0027_0069_0069.jpg 1 24 27 69 69
0710_0012_0017_0051_0051.jpg 1 12 17 51 51
0711_0047_0007_0038_0038.jpg 1 47 7 38 38
0712_0015_0010_0065_0065.jpg 1 15 10 65 65
0713_0014_0031_0064_0064.jpg 1 14 31 64 64
0714_0031_0048_0033_0033.jpg 1 31 48 33 33
0715_0051_0047_0041_0041.jpg 1 51 47 41 41
0716_0025_0030_0064_0064.jpg 1 25 30 64 64
0717_0004_0033_0060_0060.jpg 1 4 33 60 60
0718_0017_0017_0069_0069.jpg 1 17 17 69 69
0719_0030_0036_0050_0050.jpg 1 30 36 50 50
0720_0006_0015_0069_0069.jpg 1 6 15 69 69
0721_0039_0031_0055_0055.jpg 1 39 31 55 55
0722_0028_0013_0051_0051.jpg 1 28 13 51 51
0723_0017_0016_0027_0027.jpg 1 17 16 27 27
0724_0048_0059_0032_0032.jpg 1 48 59 32 32
0725_0011_0021_0066_0066.jpg 1 11 21 66 66
0726_0020_0025_0069_0069.jpg 1 20 25 69 69
0727_0038_0040_0054_0054.jpg 1 38 40 54 54
0728_0003_0030_0066_0066.jpg 1 3 30 66 66
0729_0018_0008_0066_0066.jpg 1 18 8 66 66
0730_0016_0021_0031_0031.jpg 1 16 21 31 31
0731_0015_0040_0046_0046.jpg 1 15 40 46 46
0732_0022_0011_0045_0045.jpg 1 22 11 45 45
0733_0019_0008_0069_0069.jpg 1 19 8 69 69
0734_0007_0007_0029_0029.jpg 1 7 7 29 29
0735_0059_0021_0034_0034.jpg 1 59 21 34 34
0736_0025_0034_0050_0050.jpg 1 25 34 50 50
0737_0011_0030_0059_0059.jpg 1 11 30 59 59
0738_0007_0033_0062_0062.jpg 1 7 33 62 62
0739_0008_0016_0045_0045.jpg 1 8 16 45 45
0740_0024_0015_0068_0068.jpg 1 24 15 68 68
0741_0013_0060_0026_0026.jpg 1 13 60 26 26
0742_0023_0040_0054_0054.jpg 1 23 40 54 54
0743_0027_0036_0049_0049.jpg 1 27 36 49 49
0744_0009_0024_0027_0027.jpg 1 9 24 27 27
0745_0023_0026_0069_0069.jpg 1 23 26 69 69
0746_0027_0013_0063_0063.jpg 1 27 13 63 63
0747_0018_0020_0053_0053.jpg 1 18 20 53 53
0748_0017_0021_0066_0066.jpg 1 17 21 66 66
0749_0043_0008_0039_0039.jpg 1 43 8 39 39
0750_0033_0028_0057_0057.jpg 1 33 28 57 57
0751_0033_0032_0044_0044.jpg 1 33 32 44 44
0752_0013_0018_0061_0061.jpg 1 13 18 61 61
0753_0052_0023_0027_0027.jpg 1 52 23 27 27
0754_0016_0008_0069_0069.jpg 1 16 8 69 69
0755_0025_0021_0067_0067.jpg 1 25 21 67 67
0756_0013_0009_0030_0030.jpg 1 13 9 30 30
0757_0021_0024_0065_0065.jpg 1 21 24 65 65
0758_0037_0009_0041_0041.jpg 1 37 9 41 41
0759_0017_0011_0062_0062.jpg 1 17 11 62 62
0760_0008_0014_0068_0068.jpg 1 8 14 68 68
0761_0040_0012_0052_0052.jpg 1 40 12 52 52
0762_0006_0010_0055_0055.jpg 1 6 10 55 55
0763_0043_0034_0033_0033.jpg 1 43 34 33 33
0764_0007_0043_0047_0047.jpg 1 7 43 47 47
0765_0035_0035_0049_0049.jpg 1 35 35 49 49
0766_0032_0016_0028_0028.jpg 1 32 16 28 28
0767_0010_0034_0057_0057.jpg 1 10 34 57 57
0768_0034_0004_0060_0060.jpg 1 34 4 60 60
0769_0007_0006_0065_0065.jpg 1 7 6 65 65
0770_0031_0017_0062_0062.jpg 1 31 17 62 62
0771_0026_0012_0066_0066.jpg 1 26 12 66 66
0772_0036_0017_0055_0055.jpg 1 36 17 55 55
0773_0058_0049_0032_0032.jpg 1 58 49 32 32
0774_0016_0022_0038_0038.jpg 1 16 22 38 38
0775_0028_0032_0054_0054.jpg 1 28 32 54 54
0776_0027_0018_0056_0056.jpg 1 27 18 56 56
0777_0024_0013_0024_0024.jpg 1 24 13 24 24
0778_0026_0006_0038_0038.jpg 1 26 6 38 38
0779_0009_0009_0060_0060.jpg 1 9 9 60 60
0780_0044_0017_0037_0037.jpg 1 44 17 37 37
0781_0036_0025_0027_0027.jpg 1 36 25 27 27
0782_0045_0027_0038_0038.jpg 1 45 27 38 38
0783_0013_0043_0049_0049.jpg 1 13 43 49 49
0784_0019_0017_0051_0051.jpg 1 19 17 51 51
0785_0026_0031_0048_0048.jpg 1 26 31 48 48
0786_0009_0016_0061_0061.jpg 1 9 16 61 61
0787_0038_0039_0045_0045.jpg 1 38 39 45 45
0788_0029_0048_0024_0024.jpg 1 29 48 24 24
0789_0057_0015_0036_0036.jpg 1 57 15 36 36
0790_0019_0007_0069_0069.jpg 1 19 7 69 69
0791_0019_0033_0037_0037.jpg 1 19 33 37 37
0792_0014_0018_0055_0055.jpg 1 14 18 55 55
0793_0014_0053_0027_0027.jpg 1 14 53 27 27
0794_0023_0018_0036_0036.jpg 1 23 18 36 36
0795_0023_0020_0067_0067.jpg 1 23 20 67 67
0796_0013_0012_0055_0055.jpg 1 13 12 55 55
0797_0048_0039_0046_0046.jpg 1 48 39 46 46
0798_0039_0052_0039_0039.jpg 1 39 52 39 39
0799_0035_0016_0033_0033.jpg 1 35 16 33 33
0800_0038_0056_0028_0028.jpg 1 38 56 28 28
0801_0018_0009_0039_0039.jpg 1 18 9 39 39
0802_0029_0037_0048_0048.jpg 1 29 37 48 48
0803_0037_0043_0046_0046.jpg 1 37 43 46 46
0804_0011_0014_0039_0039.jpg 1 11 14 39 39
0805_0004_0022_0055_0055.jpg 1 4 22 55 55
0806_0017_0028_0061_0061.jpg 1 17 28 61 61
0807_0055_0022_0029_0029.jpg 1 55 22 29 29
0808_0045_0043_0043_0043.jpg 1 45 43 43 43
0809_0011_0015_0048_0048.jpg 1 11 15 48 48
0810_0023_0022_0069_0069.jpg 1 23 22 69 69
0811_0022_0009_0069_0069.jpg 1 22 9 69 69
0812_0020_0052_0031_0031.jpg 1 20 52 31 31
0813_0012_0013_0066_0066.jpg 1 12 13 66 66
0814_0023_0028_0044_0044.jpg 1 23 28 44 44
0815_0042_0053_0024_0024.jpg 1 42 53 24 24
0816_0039_0057_0031_0031.jpg 1 39 57 31 31
0817_0028_0054_0027_0027.jpg 1 28 54 27 27
0818_0040_0025_0048_0048.jpg 1 40 25 48 48
0819_0046_0015_0026_0026.jpg 1 46 15 26 26
0820_0033_0023_0058_0058.jpg 1 33 23 58 58
0821_0018_0025_0041_0041.jpg 1 18 25 41 41
0822_0015_0035_0047_0047.jpg 1 15 35 47 47
0823_0015_0006_0051_0051.jpg 1 15 6 51 51
0824_0010_0022_0054_0054.jpg 1 10 22 54 54
0825_0019_0020_0034_0034.jpg 1 19 20 34 34
0826_0020_0025_0066_0066.jpg 1 20 25 66 66
0827_0043_0019_0052_0052.jpg 1 43 19 52 52
0828_0024_0012_0059_0059.jpg 1 24 12 59 59
0829_0026_0006_0048_0048.jpg 1 26 6 48 48
0830_0032_0018_0055_0055.jpg 1 32 18 55 55
0831_0020_0048_0042_0042.jpg 1 20 48 42 42
0832_0063_0031_0027_0027.jpg 1 63 31 27 27
0833_0017_0007_0047_0047.jpg 1 17 7 47 47
0834_0027_0015_0066_0066.jpg 1 27 15 66 66
0835_0017_0032_0044_0044.jpg 1 17 32 44 44
0836_0028_0025_0061_0061.jpg 1 28 25 61 61
0837_0007_0009_0042_0042.jpg 1 7 9 42 42
0838_0035_0043_0025_0025.jpg 1 35 43 25 25
0839_0036_0048_0042_0042.jpg 1 36 48 42 42
0840_0017_0016_0058_0058.jpg 1 17 16 58 58
0841_0045_0034_0029_0029.jpg 1 45 34 29 29
0842_0012_0031_0057_0057.jpg 1 12 31 57 57
0843_0024_0018_0028_0028.jpg 1 24 18 28 28
0844_0024_0039_0029_0029.jpg 1 24 39 29 29
0845_0027_0033_0059_0059.jpg 1 27 33 59 59
0846_0021_0045_0047_0047.jpg 1 21 45 47 47
0847_0055_0041_0024_0024.jpg 1 55 41 24 24
0848_0043_0025_0045_0045.jpg 1 43 25 45 45
0849_0018_0009_0031_0031.jpg 1 18 9 31 31
0850_0025_0054_0038_0038.jpg 1 25 54 38 38
0851_0041_0032_0049_0049.jpg 1 41 32 49 49
0852_0022_0038_0045_0045.jpg 1 22 38 45 45
0853_0016_0025_0041_0041.jpg 1 16 25 41 41
0854_0008_0025_0067_0067.jpg 1 8 25 67 67
0855_0014_0021_0058_0058.jpg 1 14 21 58 58
0856_0055_0007_0026_0026.jpg 1 55 7 26 26
0857_0020_0013_0065_0065.jpg 1 20 13 65 65
0858_0022_0041_0045_0045.jpg 1 22 41 45 45
0859_0059_0054_0028_0028.jpg 1 59 54 28 28
0860_0025_0023_0037_0037.jpg 1 25 23 37 37
0861_0042_0044_0046_0046.jpg 1 42 44 46 46
0862_0022_0022_0061_0061.jpg 1 22 22 61 61
0863_0020_0007_0043_0043.jpg 1 20 7 43 43
0864_0045_0021_0048_0048.jpg 1 45 21 48 48
0865_0029_0050_0043_0043.jpg 1 29 50 43 43
0866_0019_0034_0059_0059.jpg 1 19 34 59 59
0867_0014_0034_0042_0042.jpg 1 14 34 42 42
0868_0016_0009_0069_0069.jpg 1 16 9 69 69
0869_0052_0043_0038_0038.jpg 1 52 43 38 38
0870_0005_0018_0058_0058.jpg 1 5 18 58 58
0871_0016_0014_0028_0028.jpg 1 16 14 28 28
0872_0017_0011_0069_0069.jpg 1 17 11 69 69
0873_0037_0032_0049_0049.jpg 1 37 32 49 49
0874_0011_0020_0042_0042.jpg 1 11 20 42 42
0875_0007_0005_0068_0068.jpg 1 7 5 68 68
0876_0049_0024_0033_0033.jpg 1 49 24 33 33
0877_0033_0052_0033_0033.jpg 1 33 52 33 33
0878_0051_0039_0041_0041.jpg 1 51 39 41 41
0879_0014_0007_0051_0051.jpg 1 14 7 51 51
0880_0022_0023_0028_0028.jpg 1 22 23 28 28
0881_0019_0009_0064_0064.jpg 1 19 9 64 64
0882_0037_0039_0028_0028.jpg 1 37 39 28 28
0883_0008_0043_0051_0051.jpg 1 8 43 51 51
0884_0034_0045_0037_0037.jpg 1 34 45 37 37
0885_0052_0043_0039_0039.jpg 1 52 43 39 39
0886_0051_0040_0031_0031.jpg 1 51 40 31 31
0887_0026_0006_0062_0062.jpg 1 26 6 62 62
0888_0009_0038_0038_0038.jpg 1 9 38 38 38
0889_0038_0030_0055_0055.jpg 1 38 30 55 55
0890_0046_0050_0038_0038.jpg 1 46 50 38 38
0891_0023_0012_0066_0066.jpg 1 23 12 66 66
0892_0008_0015_0059_0059.jpg 1 8 15 59 59
0893_0005_0018_0045_0045.jpg 1 5 18 45 45
0894_0053_0006_0041_0041.jpg 1 53 6 41 41
0895_0033_0041_0047_0047.jpg 1 33 41 47 47
0896_0031_0005_0053_0053.jpg 1 31 5 53 53
0897_0019_0018_0068_0068.jpg 1 19 18 68 68
0898_0011_0011_0056_0056.jpg 1 11 11 56 56
0899_0019_0027_0058_0058.jpg 1 19 27 58 58
0900_0026_0015_0041_0041.jpg 1 26 15 41 41
0901_0024_0016_0062_0062.jpg 1 24 16 62 62
0902_0006_0027_0062_0062.jpg 1 6 27 62 62
0903_0014_0055_0036_0036.jpg 1 14 55 36 36
0904_0051_0032_0041_0041.jpg 1 51 32 41 41
0905_0029_0019_0067_0067.jpg 1 29 19 67 67
0906_0045_0051_0029_0029.jpg 1 45 51 29 29
0907_0012_0027_0043_0043.jpg 1 12 27 43 43
0908_0007_0043_0051_0051.jpg 1 7 43 51 51
0909_0023_0029_0050_0050.jpg 1 23 29 50 50
0910_0020_0043_0028_0028.jpg 1 20 43 28 28
0911_0050_0037_0036_0036.jpg 1 50 37 36 36
0912_0020_0015_0063_0063.jpg 1 20 15 63 63
0913_0011_0032_0045_0045.jpg 1 11 32 45 45
0914_0034_0030_0061_0061.jpg 1 34 30 61 61
0915_0031_0021_0033_0033.jpg 1 31 21 33 33
0916_0016_0015_0060_0060.jpg 1 16 15 60 60
0917_0036_0031_0055_0055.jpg 1 36 31 55 55
0918_0010_0013_0030_0030.jpg 1 10 13 30 30
0919_0039_0011_0045_0045.jpg 1 39 11 45 45
0920_0009_0015_0049_0049.jpg 1 9 15 49 49
0921_0041_0044_0044_0044.jpg 1 41 44 44 44
0922_0030_0042_0039_0039.jpg 1 30 42 39 39
0923_0063_0046_0025_0025.jpg 1 63 46 25 25
0924_0031_0017_0029_0029.jpg 1 31 17 29 29
0925_0006_0018_0067_0067.jpg 1 6 18 67 67
0926_0019_0013_0051_0051.jpg 1 19 13 51 51
0927_0024_0015_0055_0055.jpg 1 24 15 55 55
0928_0008_0009_0057_0057.jpg 1 8 9 57 57
0929_0045_0031_0044_0044.jpg 1 45 31 44 44
0930_0027_0019_0038_0038.jpg 1 27 19 38 38
0931_0039_0014_0052_0052.jpg 1 39 14 52 52
0932_0007_0010_0034_0034.jpg 1 7 10 34 34
0933_0006_0020_0065_0065.jpg 1 6 20 65 65
0934_0049_0026_0037_0037.jpg 1 49 26 37 37
0935_0028_0024_0066_0066.jpg 1 28 24 66 66
0936_0037_0009_0049_0049.jpg 1 37 9 49 49
0937_0043_0025_0047_0047.jpg 1 43 25 47 47
0938_0028_0015_0065_0065.jpg 1 28 15 65 65
0939_0025_0023_0052_0052.jpg 1 25 23 52 52
0940_0026_0028_0034_0034.jpg 1 26 28 34 34
0941_0013_0021_0058_0058.jpg 1 13 21 58 58
0942_0014_0008_0039_0039.jpg 1 14 8 39 39
0943_0046_0018_0046_0046.jpg 1 46 18 46 46
0944_0021_0011_0069_0069.jpg 1 21 11 69 69
0945_0019_0029_0032_0032.jpg 1 19 29 32 32
0946_0010_0048_0045_0045.jpg 1 10 48 45 45
0947_0041_0010_0029_0029.jpg 1 41 10 29 29
0948_0013_0041_0050_0050.jpg 1 13 41 50 50
0949_0023_0049_0039_0039.jpg 1 23 49 39 39
0950_0040_0031_0047_0047.jpg 1 40 31 47 47
0951_0060_0020_0026_0026.jpg 1 60 20 26 26
0952_0015_0031_0061_0061.jpg 1 15 31 61 61
0953_0038_0030_0048_0048.jpg 1 38 30 48 48
0954_0017_0030_0061_0061.jpg 1 17 30 61 61
0955_0014_0029_0051_0051.jpg 1 14 29 51 51
0956_0023_0016_0056_0056.jpg 1 23 16 56 56
0957_0019_0012_0038_0038.jpg 1 19 12 38 38
0958_0041_0032_0049_0049.jpg 1 41 32 49 49
0959_0033_0020_0060_0060.jpg 1 33 20 60 60
0960_0011_0026_0069_0069.jpg 1 11 26 69 69
0961_0031_0020_0059_0059.jpg 1 31 20 59 59
0962_0027_0007_0065_0065.jpg 1 27 7 65 65
0963_0037_0035_0026_0026.jpg 1 37 35 26 26
0964_0026_0011_0067_0067.jpg 1 26 11 67 67
0965_0007_0010_0066_0066.jpg 1 7 10 66 66
0966_0018_0048_0032_0032.jpg 1 18 48 32 32
0967_0014_0024_0064_0064.jpg 1 14 24 64 64
0968_0048_0027_0041_0041.jpg 1 48 27 41 41
0969_0041_0016_0049_0049.jpg 1 41 16 49 49
0970_0010_0019_0058_0058.jpg 1 10 19 58 58
0971_0024_0031_0052_0052.jpg 1 24 31 52 52
0972_0025_0018_0051_0051.jpg 1 25 18 51 51
0973_0030_0049_0032_0032.jpg 1 30 49 32 32
0974_0033_0035_0039_0039.jpg 1 33 35 39 39
0975_0017_0014_0067_0067.jpg 1 17 14 67 67
0976_0035_0013_0047_0047.jpg 1 35 13 47 47
0977_0034_0044_0027_0027.jpg 1 34 44 27 27
0978_0019_0022_0067_0067.jpg 1 19 22 67 67
0979_0019_0033_0061_0061.jpg 1 19 33 61 61
0980_0030_0024_0034_0034.jpg 1 30 24 34 34
0981_0036_0052_0040_0040.jpg 1 36 52 40 40
0982_0027_0003_0065_0065.jpg 1 27 3 65 65
0983_0030_0025_0064_0064.jpg 1 30 25 64 64
0984_0005_0014_0069_0069.jpg 1 5 14 69 69
0985_0048_0031_0044_0044.jpg 1 48 31 44 44
0986_0039_0008_0030_0030.jpg 1 39 8 30 30
0987_0011_0025_0055_0055.jpg 1 11 25 55 55
0988_0043_0036_0044_0044.jpg 1 43 36 44 44
0989_0005_0010_0067_0067.jpg 1 5 10 67 67
0990_0014_0032_0048_0048.jpg 1 14 32 48 48
0991_0026_0021_0060_0060.jpg 1 26 21 60 60
0992_0043_0039_0032_0032.jpg 1 43 39 32 32
0993_0019_0016_0057_0057.jpg 1 19 16 57 57
0994_0011_0024_0029_0029.jpg 1 11 24 29 29
0995_0026_0054_0027_0027.jpg 1 26 54 27 27
0996_0014_0027_0068_0068.jpg 1 14 27 68 68
0997_0048_0038_0036_0036.jpg 1 48 38 36 36
0998_0039_0019_0055_0055.jpg 1 39 19 55 55
0999_0034_0034_0039_0039.jpg 1 34 34 39 39
1000_0050_0006_0036_0036.jpg 1 50 6 36 36
1001_0020_0017_0047_0047.jpg 1 20 17 47 47
1002_0041_0037_0031_0031.jpg 1 41 37 31 31
1003_0007_0011_0041_0041.jpg 1 7 11 41 41
1004_0011_0057_0025_0025.jpg 1 11 57 25 25
1005_0015_0027_0069_0069.jpg 1 15 27 69 69
1006_0015_0021_0069_0069.jpg 1 15 21 69 69
1007_0008_0031_0027_0027.jpg 1 8 31 27 27
1008_0023_0060_0024_0024.jpg 1 23 60 24 24
1009_0022_0017_0058_0058.jpg 1 22 17 58 58
1010_0042_0025_0035_0035.jpg 1 42 25 35 35
1011_0004_0004_0060_0060.jpg 1 4 4 60 60
1012_0023_0049_0043_0043.jpg 1 23 49 43 43
1013_0007_0043_0051_0051.jpg 1 7 43 51 51
1014_0012_0018_0068_0068.jpg 1 12 18 68 68
1015_0021_0010_0067_0067.jpg 1 21 10 67 67
1016_0008_0021_0057_0057.jpg 1 8 21 57 57
1017_0009_0025_0058_0058.jpg 1 9 25 58 58
1018_0039_0044_0041_0041.jpg 1 39 44 41 41
1019_0010_0028_0051_0051.jpg 1 10 28 51 51
1020_0052_0042_0040_0040.jpg 1 52 42 40 40
1021_0026_0011_0066_0066.jpg 1 26 11 66 66
1022_0023_0005_0048_0048.jpg 1 23 5 48 48
1023_0047_0061_0029_0029.jpg 1 47 61 29 29
1024_0019_0030_0053_0053.jpg 1 19 30 53 53
1025_0011_0037_0024_0024.jpg 1 11 37 24 24
1026_0011_0014_0066_0066.jpg 1 11 14 66 66
1027_0032_0029_0041_0041.jpg 1 32 29 41 41
1028_0023_0020_0042_0042.jpg 1 23 20 42 42
1029_0038_0034_0056_0056.jpg 1 38 34 56 56
1030_0039_0020_0044_0044.jpg 1 39 20 44 44
1031_0046_0031_0045_0045.jpg 1 46 31 45 45
1032_0028_0012_0056_0056.jpg 1 28 12 56 56
1033_0052_0050_0031_0031.jpg 1 52 50 31 31
1034_0018_0028_0028_0028.jpg 1 18 28 28 28
1035_0025_0026_0066_0066.jpg 1 25 26 66 66
1036_0024_0040_0052_0052.jpg 1 24 40 52 52
1037_0045_0049_0032_0032.jpg 1 45 49 32 32
1038_0033_0042_0044_0044.jpg 1 33 42 44 44
1039_0028_0008_0036_0036.jpg 1 28 8 36 36
1040_0015_0011_0055_0055.jpg 1 15 11 55 55
1041_0027_0021_0025_0025.jpg 1 27 21 25 25
1042_0019_0029_0065_0065.jpg 1 19 29 65 65
1043_0012_0043_0046_0046.jpg 1 12 43 46 46
1044_0049_0018_0034_0034.jpg 1 49 18 34 34
1045_0006_0008_0056_0056.jpg 1 6 8 56 56
1046_0027_0014_0046_0046.jpg 1 27 14 46 46
1047_0031_0021_0058_0058.jpg 1 31 21 58 58
1048_0031_0030_0040_0040.jpg 1 31 30 40 40
1049_0013_0023_0058_0058.jpg 1 13 23 58 58
1050_0038_0027_0048_0048.jpg 1 38 27 48 48
1051_0035_0013_0042_0042.jpg 1 35 13 42 42
1052_0005_0025_0049_0049.jpg 1 5 25 49 49
1053_0032_0033_0061_0061.jpg 1 32 33 61 61
1054_0018_0010_0058_0058.jpg 1 18 10 58 58
1055_0015_0004_0064_0064.jpg 1 15 4 64 64
1056_0032_0026_0034_0034.jpg 1 32 26 34 34
1057_0055_0039_0024_0024.jpg 1 55 39 24 24
1058_0030_0032_0042_0042.jpg 1 30 32 42 42
1059_0030_0028_0056_0056.jpg 1 30 28 56 56
1060_0028_0030_0037_0037.jpg 1 28 30 37 37
1061_0025_0003_0069_0069.jpg 1 25 3 69 69
1062_0055_0022_0026_0026.jpg 1 55 22 26 26
1063_0035_0015_0035_0035.jpg 1 35 15 35 35
1064_0038_0035_0042_0042.jpg 1 38 35 42 42
1065_0030_0024_0055_0055.jpg 1 30 24 55 55
1066_0022_0018_0056_0056.jpg 1 22 18 56 56
1067_0044_0019_0044_0044.jpg 1 44 19 44 44
1068_0013_0028_0031_0031.jpg 1 13 28 31 31
1069_0059_0031_0026_0026.jpg 1 59 31 26 26
1070_0041_0022_0053_0053.jpg 1 41 22 53 53
1071_0008_0023_0069_0069.jpg 1 8 23 69 69
1072_0033_0050_0030_0030.jpg 1 33 50 30 30
1073_0018_0044_0044_0044.jpg 1 18 44 44 44
1074_0039_0046_0036_0036.jpg 1 39 46 36 36
1075_0006_0013_0063_0063.jpg 1 6 13 63 63
1076_0044_0024_0050_0050.jpg 1 44 24 50 50
1077_0058_0053_0034_0034.jpg 1 58 53 34 34
1078_0014_0023_0065_0065.jpg 1 14 23 65 65
1079_0026_0003_0069_0069.jpg 1 26 3 69 69
1080_0016_0037_0042_0042.jpg 1 16 37 42 42
1081_0017_0014_0065_0065.jpg 1 17 14 65 65
1082_0042_0029_0043_0043.jpg 1 42 29 43 43
1083_0004_0007_0062_0062.jpg 1 4 7 62 62
1084_0026_0025_0038_0038.jpg 1 26 25 38 38
1085_0042_0034_0032_0032.jpg 1 42 34 32 32
1086_0046_0060_0029_0029.jpg 1 46 60 29 29
1087_0043_0053_0026_0026.jpg 1 43 53 26 26
1088_0007_0033_0035_0035.jpg 1 7 33 35 35
1089_0003_0019_0066_0066.jpg 1 3 19 66 66
1090_0007_0018_0048_0048.jpg 1 7 18 48 48
1091_0009_0020_0053_0053.jpg 1 9 20 53 53
1092_0036_0028_0033_0033.jpg 1 36 28 33 33
1093_0057_0010_0025_0025.jpg 1 57 10 25 25
1094_0060_0045_0025_0025.jpg 1 60 45 25 25
1095_0005_0008_0067_0067.jpg 1 5 8 67 67
1096_0030_0017_0044_0044.jpg 1 30 17 44 44
1097_0046_0036_0041_0041.jpg 1 46 36 41 41
1098_0021_0042_0026_0026.jpg 1 21 42 26 26
1099_0037_0007_0028_0028.jpg 1 37 7 28 28
1100_0009_0018_0053_0053.jpg 1 9 18 53 53
1101_0020_0028_0026_0026.jpg 1 20 28 26 26
1102_0024_0034_0059_0059.jpg 1 24 34 59 59
1103_0014_0029_0059_0059.jpg 1 14 29 59 59
1104_0007_0017_0055_0055.jpg 1 7 17 55 55
1105_0019_0004_0063_0063.jpg 1 19 4 63 63
1106_0026_0015_0038_0038.jpg 1 26 15 38 38
1107_0048_0025_0034_0034.jpg 1 48 25 34 34
1108_0014_0026_0029_0029.jpg 1 14 26 29 29
1109_0035_0047_0026_0026.jpg 1 35 47 26 26
1110_0010_0017_0056_0056.jpg 1 10 17 56 56
1111_0041_0031_0024_0024.jpg 1 41 31 24 24
1112_0038_0025_0032_0032.jpg 1 38 25 32 32
1113_0017_0022_0065_0065.jpg 1 17 22 65 65
1114_0036_0044_0050_0050.jpg 1 36 44 50 50
1115_0043_0032_0040_0040.jpg 1 43 32 40 40
1116_0006_0016_0062_0062.jpg 1 6 16 62 62
1117_0016_0054_0037_0037.jpg 1 16 54 37 37
1118_0010_0027_0033_0033.jpg 1 10 27 33 33
1119_0026_0026_0055_0055.jpg 1 26 26 55 55
1120_0047_0024_0040_0040.jpg 1 47 24 40 40
1121_0049_0029_0040_0040.jpg 1 49 29 40 40
1122_0009_0045_0028_0028.jpg 1 9 45 28 28
1123_0058_0024_0026_0026.jpg 1 58 24 26 26
1124_0032_0020_0042_0042.jpg 1 32 20 42 42
1125_0047_0009_0038_0038.jpg 1 47 9 38 38
1126_0024_0035_0038_0038.jpg 1 24 35 38 38
1127_0012_0044_0036_0036.jpg 1 12 44 36 36
1128_0024_0024_0063_0063.jpg 1 24 24 63 63
1129_0015_0027_0066_0066.jpg 1 15 27 66 66
1130_0009_0044_0049_0049.jpg 1 9 44 49 49
1131_0020_0025_0036_0036.jpg 1 20 25 36 36
1132_0028_0039_0054_0054.jpg 1 28 39 54 54
1133_0039_0012_0054_0054.jpg 1 39 12 54 54
1134_0028_0008_0065_0065.jpg 1 28 8 65 65
1135_0039_0042_0046_0046.jpg 1 39 42 46 46
1136_0012_0016_0034_0034.jpg 1 12 16 34 34
1137_0018_0025_0066_0066.jpg 1 18 25 66 66
1138_0026_0024_0031_0031.jpg 1 26 24 31 31
1139_0019_0010_0028_0028.jpg 1 19 10 28 28
1140_0038_0036_0053_0053.jpg 1 38 36 53 53
1141_0046_0013_0045_0045.jpg 1 46 13 45 45
1142_0007_0010_0062_0062.jpg 1 7 10 62 62
1143_0016_0060_0031_0031.jpg 1 16 60 31 31
1144_0011_0041_0038_0038.jpg 1 11 41 38 38
1145_0036_0037_0027_0027.jpg 1 36 37 27 27
1146_0033_0022_0062_0062.jpg 1 33 22 62 62
1147_0010_0024_0048_0048.jpg 1 10 24 48 48
1148_0046_0042_0035_0035.jpg 1 46 42 35 35
1149_0021_0063_0024_0024.jpg 1 21 63 24 24
1150_0021_0045_0047_0047.jpg 1 21 45 47 47
1151_0029_0028_0032_0032.jpg 1 29 28 32 32
1152_0010_0023_0024_0024.jpg 1 10 23 24 24
1153_0021_0019_0061_0061.jpg 1 21 19 61 61
1154_0017_0039_0025_0025.jpg 1 17 39 25 25
1155_0061_0042_0030_0030.jpg 1 61 42 30 30
1156_0019_0058_0026_0026.jpg 1 19 58 26 26
1157_0013_0024_0041_0041.jpg 1 13 24 41 41
1158_0044_0049_0027_0027.jpg 1 44 49 27 27
1159_0058_0027_0031_0031.jpg 1 58 27 31 31
1160_0036_0015_0053_0053.jpg 1 36 15 53 53
1161_0056_0040_0034_0034.jpg 1 56 40 34 34
1162_0011_0034_0038_0038.jpg 1 11 34 38 38
1163_0019_0028_0067_0067.jpg 1 19 28 67 67
1164_0041_0063_0025_0025.jpg 1 41 63 25 25
1165_0013_0027_0028_0028.jpg 1 13 27 28 28
1166_0006_0004_0064_0064.jpg 1 6 4 64 64
1167_0046_0024_0045_0045.jpg 1 46 24 45 45
1168_0024_0038_0046_0046.jpg 1 24 38 46 46
1169_0004_0029_0065_0065.jpg 1 4 29 65 65
1170_0018_0034_0052_0052.jpg 1 18 34 52 52
1171_0026_0022_0064_0064.jpg 1 26 22 64 64
1172_0007_0009_0065_0065.jpg 1 7 9 65 65
1173_0032_0025_0060_0060.jpg 1 32 25 60 60
1174_0029_0008_0044_0044.jpg 1 29 8 44 44
1175_0013_0009_0063_0063.jpg 1 13 9 63 63
1176_0018_0045_0045_0045.jpg 1 18 45 45 45
1177_0026_0034_0050_0050.jpg 1 26 34 50 50
1178_0015_0040_0033_0033.jpg 1 15 40 33 33
1179_0040_0038_0039_0039.jpg 1 40 38 39 39
1180_0019_0049_0043_0043.jpg 1 19 49 43 43
1181_0033_0008_0052_0052.jpg 1 33 8 52 52
1182_0007_0005_0062_0062.jpg 1 7 5 62 62
1183_0040_0029_0051_0051.jpg 1 40 29 51 51
1184_0029_0024_0064_0064.jpg 1 29 24 64 64
1185_0005_0023_0069_0069.jpg 1 5 23 69 69
1186_0029_0034_0032_0032.jpg 1 29 34 32 32
1187_0006_0004_0066_0066.jpg 1 6 4 66 66
1188_0034_0018_0032_0032.jpg 1 34 18 32 32
1189_0004_0013_0063_0063.jpg 1 4 13 63 63
1190_0047_0020_0030_0030.jpg 1 47 20 30 30
1191_0007_0057_0028_0028.jpg 1 7 57 28 28
1192_0022_0023_0060_0060.jpg 1 22 23 60 60
1193_0033_0009_0054_0054.jpg 1 33 9 54 54
1194_0028_0029_0063_0063.jpg 1 28 29 63 63
1195_0009_0031_0044_0044.jpg 1 9 31 44 44
1196_0032_0031_0059_0059.jpg 1 32 31 59 59
1197_0058_0066_0025_0025.jpg 1 58 66 25 25
1198_0008_0009_0068_0068.jpg 1 8 9 68 68
1199_0014_0025_0057_0057.jpg 1 14 25 57 57
1200_0023_0032_0063_0063.jpg 1 23 32 63 63
1201_0032_0008_0063_0063.jpg 1 32 8 63 63
1202_0041_0062_0027_0027.jpg 1 41 62 27 27
1203_0005_0019_0054_0054.jpg 1 5 19 54 54
1204_0046_0015_0040_0040.jpg 1 46 15 40 40
1205_0045_0060_0030_0030.jpg 1 45 60 30 30
1206_0025_0012_0044_0044.jpg 1 25 12 44 44
1207_0007_0009_0055_0055.jpg 1 7 9 55 55
1208_0023_0016_0050_0050.jpg 1 23 16 50 50
1209_0032_0012_0064_0064.jpg 1 32 12 64 64
1210_0003_0003_0063_0063.jpg 1 3 3 63 63
1211_0048_0023_0037_0037.jpg 1 48 23 37 37
1212_0059_0042_0034_0034.jpg 1 59 42 34 34
1213_0009_0037_0035_0035.jpg 1 9 37 35 35
1214_0013_0019_0029_0029.jpg 1 13 19 29 29
1215_0037_0005_0057_0057.jpg 1 37 5 57 57
1216_0037_0040_0053_0053.jpg 1 37 40 53 53
1217_0034_0004_0061_0061.jpg 1 34 4 61 61
1218_0055_0017_0027_0027.jpg 1 55 17 27 27
1219_0038_0016_0034_0034.jpg 1 38 16 34 34
1220_0048_0054_0033_0033.jpg 1 48 54 33 33
1221_0005_0034_0047_0047.jpg 1 5 34 47 47
1222_0008_0021_0047_0047.jpg 1 8 21 47 47
1223_0030_0019_0052_0052.jpg 1 30 19 52 52
1224_0054_0031_0039_0039.jpg 1 54 31 39 39
1225_0009_0018_0056_0056.jpg 1 9 18 56 56
1226_0014_0043_0049_0049.jpg 1 14 43 49 49
1227_0042_0041_0035_0035.jpg 1 42 41 35 35
1228_0011_0011_0067_0067.jpg 1 11 11 67 67
1229_0024_0022_0037_0037.jpg 1 24 22 37 37
1230_0040_0032_0034_0034.jpg 1 40 32 34 34
1231_0016_0027_0065_0065.jpg 1 16 27 65 65
1232_0042_0051_0041_0041.jpg 1 42 51 41 41
1233_0007_0033_0052_0052.jpg 1 7 33 52 52
1234_0039_0007_0050_0050.jpg 1 39 7 50 50
1235_0042_0015_0039_0039.jpg 1 42 15 39 39
1236_0058_0035_0025_0025.jpg 1 58 35 25 25
1237_0009_0026_0064_0064.jpg 1 9 26 64 64
1238_0020_0031_0029_0029.jpg 1 20 31 29 29
1239_0011_0006_0051_0051.jpg 1 11 6 51 51
1240_0037_0017_0047_0047.jpg 1 37 17 47 47
1241_0059_0013_0028_0028.jpg 1 59 13 28 28
1242_0047_0017_0034_0034.jpg 1 47 17 34 34
1243_0022_0048_0041_0041.jpg 1 22 48 41 41
1244_0038_0039_0042_0042.jpg 1 38 39 42 42
1245_0037_0016_0031_0031.jpg 1 37 16 31 31
1246_0020_0042_0043_0043.jpg 1 20 42 43 43
1247_0041_0010_0047_0047.jpg 1 41 10 47 47
1248_0019_0012_0060_0060.jpg 1 19 12 60 60
1249_0014_0043_0031_0031.jpg 1 14 43 31 31
1250_0024_0021_0068_0068.jpg 1 24 21 68 68
1251_0024_0012_0059_0059.jpg 1 24 12 59 59
1252_0037_0014_0055_0055.jpg 1 37 14 55 55
1253_0026_0006_0061_0061.jpg 1 26 6 61 61
1254_0009_0024_0036_0036.jpg 1 9 24 36 36
1255_0015_0020_0053_0053.jpg 1 15 20 53 53
1256_0015_0004_0059_0059.jpg 1 15 4 59 59
1257_0056_0055_0034_0034.jpg 1 56 55 34 34
1258_0027_0025_0059_0059.jpg 1 27 25 59 59
1259_0017_0038_0054_0054.jpg 1 17 38 54 54
1260_0020_0019_0062_0062.jpg 1 20 19 62 62
1261_0058_0024_0025_0025.jpg 1 58 24 25 25
1262_0053_0027_0037_0037.jpg 1 53 27 37 37
1263_0020_0047_0032_0032.jpg 1 20 47 32 32
1264_0026_0005_0068_0068.jpg 1 26 5 68 68
1265_0011_0021_0059_0059.jpg 1 11 21 59 59
1266_0018_0028_0036_0036.jpg 1 18 28 36 36
1267_0014_0013_0068_0068.jpg 1 14 13 68 68
1268_0024_0006_0049_0049.jpg 1 24 6 49 49
1269_0042_0015_0052_0052.jpg 1 42 15 52 52
1270_0034_0030_0042_0042.jpg 1 34 30 42 42
1271_0016_0011_0069_0069.jpg 1 16 11 69 69
1272_0007_0013_0060_0060.jpg 1 7 13 60 60
1273_0007_0011_0037_0037.jpg 1 7 11 37 37
1274_0008_0049_0026_0026.jpg 1 8 49 26 26
1275_0041_0015_0041_0041.jpg 1 41 15 41 41
1276_0019_0040_0048_0048.jpg 1 19 40 48 48
1277_0023_0007_0048_0048.jpg 1 23 7 48 48
1278_0065_0030_0027_0027.jpg 1 65 30 27 27
1279_0057_0044_0031_0031.jpg 1 57 44 31 31
1280_0039_0022_0042_0042.jpg 1 39 22 42 42
1281_0009_0032_0060_0060.jpg 1 9 32 60 60
1282_0015_0025_0034_0034.jpg 1 15 25 34 34
1283_0011_0058_0025_0025.jpg 1 11 58 25 25
1284_0007_0019_0067_0067.jpg 1 7 19 67 67
1285_0020_0015_0051_0051.jpg 1 20 15 51 51
1286_0023_0005_0057_0057.jpg 1 23 5 57 57
1287_0020_0020_0064_0064.jpg 1 20 20 64 64
1288_0012_0009_0034_0034.jpg 1 12 9 34 34
1289_0027_0006_0043_0043.jpg 1 27 6 43 43
1290_0024_0026_0067_0067.jpg 1 24 26 67 67
1291_0005_0025_0067_0067.jpg 1 5 25 67 67
1292_0003_0024_0068_0068.jpg 1 3 24 68 68
1293_0023_0013_0059_0059.jpg 1 23 13 59 59
1294_0045_0046_0027_0027.jpg 1 45 46 27 27
1295_0007_0017_0056_0056.jpg 1 7 17 56 56
1296_0030_0017_0030_0030.jpg 1 30 17 30 30
1297_0046_0025_0043_0043.jpg 1 46 25 43 43
1298_0028_0011_0064_0064.jpg 1 28 11 64 64
1299_0036_0025_0058_0058.jpg 1 36 25 58 58
1300_0007_0015_0059_0059.jpg 1 7 15 59 59
1301_0047_0041_0029_0029.jpg 1 47 41 29 29
1302_0027_0050_0028_0028.jpg 1 27 50 28 28
1303_0040_0033_0043_0043.jpg 1 40 33 43 43
1304_0018_0052_0037_0037.jpg 1 18 52 37 37
1305_0027_0048_0026_0026.jpg 1 27 48 26 26
1306_0016_0037_0025_0025.jpg 1 16 37 25 25
1307_0024_0036_0026_0026.jpg 1 24 36 26 26
1308_0006_0043_0044_0044.jpg 1 6 43 44 44
1309_0025_0035_0044_0044.jpg 1 25 35 44 44
1310_0011_0024_0065_0065.jpg 1 11 24 65 65
1311_0024_0040_0030_0030.jpg 1 24 40 30 30
1312_0017_0032_0060_0060.jpg 1 17 32 60 60
1313_0032_0017_0026_0026.jpg 1 32 17 26 26
1314_0018_0027_0063_0063.jpg 1 18 27 63 63
1315_0015_0045_0040_0040.jpg 1 15 45 40 40
1316_0013_0016_0054_0054.jpg 1 13 16 54 54
1317_0037_0042_0051_0051.jpg 1 37 42 51 51
1318_0013_0021_0035_0035.jpg 1 13 21 35 35
1319_0028_0009_0048_0048.jpg 1 28 9 48 48
1320_0028_0009_0066_0066.jpg 1 28 9 66 66
1321_0006_0034_0048_0048.jpg 1 6 34 48 48
1322_0047_0016_0046_0046.jpg 1 47 16 46 46
1323_0018_0003_0063_0063.jpg 1 18 3 63 63
1324_0029_0019_0025_0025.jpg 1 29 19 25 25
1325_0055_0051_0030_0030.jpg 1 55 51 30 30
1326_0054_0037_0025_0025.jpg 1 54 37 25 25
1327_0027_0047_0028_0028.jpg 1 27 47 28 28
1328_0043_0045_0028_0028.jpg 1 43 45 28 28
1329_0023_0028_0038_0038.jpg 1 23 28 38 38
1330_0014_0025_0038_0038.jpg 1 14 25 38 38
1331_0029_0028_0066_0066.jpg 1 29 28 66 66
1332_0016_0012_0069_0069.jpg 1 16 12 69 69
1333_0021_0017_0047_0047.jpg 1 21 17 47 47
1334_0039_0031_0031_0031.jpg 1 39 31 31 31
1335_0036_0022_0057_0057.jpg 1 36 22 57 57
1336_0044_0024_0031_0031.jpg 1 44 24 31 31
1337_0051_0018_0035_0035.jpg 1 51 18 35 35
1338_0038_0014_0051_0051.jpg 1 38 14 51 51
1339_0017_0022_0056_0056.jpg 1 17 22 56 56
1340_0042_0037_0047_0047.jpg 1 42 37 47 47
1341_0012_0025_0051_0051.jpg 1 12 25 51 51
1342_0008_0015_0038_0038.jpg 1 8 15 38 38
1343_0030_0033_0043_0043.jpg 1 30 33 43 43
1344_0049_0049_0035_0035.jpg 1 49 49 35 35
1345_0019_0010_0047_0047.jpg 1 19 10 47 47
1346_0013_0016_0061_0061.jpg 1 13 16 61 61
1347_0035_0033_0058_0058.jpg 1 35 33 58 58
1348_0043_0039_0046_0046.jpg 1 43 39 46 46
1349_0034_0016_0047_0047.jpg 1 34 16 47 47
1350_0033_0021_0049_0049.jpg 1 33 21 49 49
1351_0031_0035_0025_0025.jpg 1 31 35 25 25
1352_0035_0030_0060_0060.jpg 1 35 30 60 60
1353_0004_0006_0061_0061.jpg 1 4 6 61 61
1354_0017_0035_0047_0047.jpg 1 17 35 47 47
1355_0020_0011_0031_0031.jpg 1 20 11 31 31
1356_0029_0033_0053_0053.jpg 1 29 33 53 53
1357_0016_0004_0060_0060.jpg 1 16 4 60 60
1358_0010_0011_0068_0068.jpg 1 10 11 68 68
1359_0007_0014_0067_0067.jpg 1 7 14 67 67
1360_0013_0012_0064_0064.jpg 1 13 12 64 64
1361_0020_0009_0029_0029.jpg 1 20 9 29 29
1362_0038_0037_0029_0029.jpg 1 38 37 29 29
1363_0020_0043_0042_0042.jpg 1 20 43 42 42
1364_0034_0012_0049_0049.jpg 1 34 12 49 49
1365_0040_0036_0035_0035.jpg 1 40 36 35 35
1366_0008_0035_0031_0031.jpg 1 8 35 31 31
1367_0028_0040_0042_0042.jpg 1 28 40 42 42
1368_0027_0019_0066_0066.jpg 1 27 19 66 66
1369_0020_0015_0046_0046.jpg 1 20 15 46 46
1370_0035_0015_0027_0027.jpg 1 35 15 27 27
1371_0042_0047_0038_0038.jpg 1 42 47 38 38
1372_0010_0049_0031_0031.jpg 1 10 49 31 31
1373_0030_0008_0062_0062.jpg 1 30 8 62 62
1374_0035_0038_0045_0045.jpg 1 35 38 45 45
1375_0043_0050_0028_0028.jpg 1 43 50 28 28
1376_0016_0045_0032_0032.jpg 1 16 45 32 32
1377_0011_0027_0069_0069.jpg 1 11 27 69 69
1378_0013_0019_0065_0065.jpg 1 13 19 65 65
1379_0010_0022_0058_0058.jpg 1 10 22 58 58
1380_0030_0036_0054_0054.jpg 1 30 36 54 54
1381_0050_0014_0029_0029.jpg 1 50 14 29 29
1382_0026_0034_0061_0061.jpg 1 26 34 61 61
1383_0013_0029_0056_0056.jpg 1 13 29 56 56
1384_0041_0033_0027_0027.jpg 1 41 33 27 27
1385_0011_0035_0060_0060.jpg 1 11 35 60 60
1386_0049_0016_0039_0039.jpg 1 49 16 39 39
1387_0044_0017_0045_0045.jpg 1 44 17 45 45
1388_0038_0033_0034_0034.jpg 1 38 33 34 34
1389_0019_0033_0039_0039.jpg 1 19 33 39 39
1390_0022_0028_0040_0040.jpg 1 22 28 40 40
1391_0017_0014_0059_0059.jpg 1 17 14 59 59
1392_0022_0030_0052_0052.jpg 1 22 30 52 52
1393_0039_0011_0048_0048.jpg 1 39 11 48 48
1394_0012_0034_0052_0052.jpg 1 12 34 52 52
1395_0018_0003_0068_0068.jpg 1 18 3 68 68
1396_0019_0010_0053_0053.jpg 1 19 10 53 53
1397_0032_0035_0056_0056.jpg 1 32 35 56 56
1398_0009_0021_0035_0035.jpg 1 9 21 35 35
1399_0034_0045_0034_0034.jpg 1 34 45 34 34
1400_0023_0022_0055_0055.jpg 1 23 22 55 55
1401_0044_0033_0050_0050.jpg 1 44 33 50 50
1402_0025_0007_0067_0067.jpg 1 25 7 67 67
1403_0020_0004_0066_0066.jpg 1 20 4 66 66
1404_0042_0029_0029_0029.jpg 1 42 29 29 29
1405_0015_0017_0031_0031.jpg 1 15 17 31 31
1406_0010_0005_0068_0068.jpg 1 10 5 68 68
1407_0028_0028_0065_0065.jpg 1 28 28 65 65
1408_0027_0013_0056_0056.jpg 1 27 13 56 56
1409_0045_0018_0037_0037.jpg 1 45 18 37 37
1410_0013_0006_0043_0043.jpg 1 13 6 43 43
1411_0026_0037_0025_0025.jpg 1 26 37 25 25
1412_0008_0015_0069_0069.jpg 1 8 15 69 69
1413_0016_0011_0037_0037.jpg 1 16 11 37 37
1414_0046_0014_0044_0044.jpg 1 46 14 44 44
1415_0007_0027_0059_0059.jpg 1 7 27 59 59
1416_0039_0045_0027_0027.jpg 1 39 45 27 27
1417_0008_0008_0057_0057.jpg 1 8 8 57 57
1418_0022_0008_0061_0061.jpg 1 22 8 61 61
1419_0023_0025_0063_0063.jpg 1 23 25 63 63
1420_0037_0023_0051_0051.jpg 1 37 23 51 51
1421_0018_0007_0062_0062.jpg 1 18 7 62 62
1422_0030_0024_0051_0051.jpg 1 30 24 51 51
1423_0029_0045_0041_0041.jpg 1 29 45 41 41
1424_0004_0031_0064_0064.jpg 1 4 31 64 64
1425_0040_0054_0039_0039.jpg 1 40 54 39 39
1426_0036_0006_0055_0055.jpg 1 36 6 55 55
1427_0025_0035_0043_0043.jpg 1 25 35 43 43
1428_0036_0028_0051_0051.jpg 1 36 28 51 51
1429_0024_0023_0068_0068.jpg 1 24 23 68 68
1430_0032_0007_0058_0058.jpg 1 32 7 58 58
1431_0014_0010_0065_0065.jpg 1 14 10 65 65
1432_0057_0028_0028_0028.jpg 1 57 28 28 28
1433_0007_0017_0055_0055.jpg 1 7 17 55 55
1434_0061_0025_0030_0030.jpg 1 61 25 30 30
1435_0034_0015_0058_0058.jpg 1 34 15 58 58
1436_0008_0007_0042_0042.jpg 1 8 7 42 42
1437_0019_0028_0066_0066.jpg 1 19 28 66 66
1438_0015_0031_0047_0047.jpg 1 15 31 47 47
1439_0032_0033_0055_0055.jpg 1 32 33 55 55
1440_0019_0034_0058_0058.jpg 1 19 34 58 58
1441_0065_0037_0027_0027.jpg 1 65 37 27 27
1442_0012_0011_0047_0047.jpg 1 12 11 47 47
1443_0018_0014_0052_0052.jpg 1 18 14 52 52
1444_0017_0049_0038_0038.jpg 1 17 49 38 38
1445_0026_0021_0042_0042.jpg 1 26 21 42 42
1446_0026_0007_0068_0068.jpg 1 26 7 68 68
1447_0020_0042_0039_0039.jpg 1 20 42 39 39
1448_0016_0005_0056_0056.jpg 1 16 5 56 56
1449_0033_0020_0056_0056.jpg 1 33 20 56 56
1450_0046_0062_0030_0030.jpg 1 46 62 30 30
1451_0061_0015_0031_0031.jpg 1 61 15 31 31
1452_0038_0011_0043_0043.jpg 1 38 11 43 43
1453_0015_0010_0033_0033.jpg 1 15 10 33 33
1454_0031_0046_0038_0038.jpg 1 31 46 38 38
1455_0024_0038_0036_0036.jpg 1 24 38 36 36
1456_0010_0015_0026_0026.jpg 1 10 15 26 26
1457_0040_0023_0047_0047.jpg 1 40 23 47 47
1458_0004_0011_0066_0066.jpg 1 4 11 66 66
1459_0039_0046_0040_0040.jpg 1 39 46 40 40
1460_0006_0029_0054_0054.jpg 1 6 29 54 54
1461_0018_0024_0063_0063.jpg 1 18 24 63 63
1462_0036_0013_0049_0049.jpg 1 36 13 49 49
1463_0012_0046_0030_0030.jpg 1 12 46 30 30
1464_0034_0034_0054_0054.jpg 1 34 34 54 54
1465_0042_0012_0037_0037.jpg 1 42 12 37 37
1466_0009_0027_0067_0067.jpg 1 9 27 67 67
1467_0052_0032_0034_0034.jpg 1 52 32 34 34
1468_0015_0013_0059_0059.jpg 1 15 13 59 59
1469_0017_0026_0038_0038.jpg 1 17 26 38 38
1470_0015_0034_0035_0035.jpg 1 15 34 35 35
1471_0014_0028_0062_0062.jpg 1 14 28 62 62
1472_0011_0016_0026_0026.jpg 1 11 16 26 26
1473_0033_0019_0043_0043.jpg 1 33 19 43 43
1474_0024_0023_0058_0058.jpg 1 24 23 58 58
1475_0008_0006_0064_0064.jpg 1 8 6 64 64
1476_0008_0004_0066_0066.jpg 1 8 4 66 66
1477_0023_0026_0054_0054.jpg 1 23 26 54 54
1478_0007_0017_0044_0044.jpg 1 7 17 44 44
1479_0035_0043_0039_0039.jpg 1 35 43 39 39
1480_0022_0047_0042_0042.jpg 1 22 47 42 42
1481_0012_0016_0056_0056.jpg 1 12 16 56 56
1482_0018_0037_0056_0056.jpg 1 18 37 56 56
1483_0017_0043_0035_0035.jpg 1 17 43 35 35
1484_0005_0036_0058_0058.jpg 1 5 36 58 58
1485_0054_0053_0028_0028.jpg 1 54 53 28 28
1486_0019_0013_0063_0063.jpg 1 19 13 63 63
1487_0049_0016_0039_0039.jpg 1 49 16 39 39
1488_0026_0025_0059_0059.jpg 1 26 25 59 59
1489_0008_0010_0046_0046.jpg 1 8 10 46 46
1490_0037_0012_0052_0052.jpg 1 37 12 52 52
1491_0027_0013_0061_0061.jpg 1 27 13 61 61
1492_0026_0017_0061_0061.jpg 1 26 17 61 61
1493_0012_0023_0060_0060.jpg 1 12 23 60 60
1494_0033_0010_0035_0035.jpg 1 33 10 35 35
1495_0022_0017_0068_0068.jpg 1 22 17 68 68
1496_0056_0042_0032_0032.jpg 1 56 42 32 32
1497_0019_0005_0048_0048.jpg 1 19 5 48 48
1498_0030_0011_0051_0051.jpg 1 30 11 51 51
1499_0010_0041_0044_0044.jpg 1 10 41 44 44
1500_0039_0043_0028_0028.jpg 1 39 43 28 28
1501_0027_0014_0042_0042.jpg 1 27 14 42 42
1502_0018_0018_0064_0064.jpg 1 18 18 64 64
1503_0044_0033_0040_0040.jpg 1 44 33 40 40
1504_0032_0007_0036_0036.jpg 1 32 7 36 36
1505_0022_0017_0055_0055.jpg 1 22 17 55 55
1506_0011_0022_0060_0060.jpg 1 11 22 60 60
1507_0022_0039_0041_0041.jpg 1 22 39 41 41
1508_0009_0029_0026_0026.jpg 1 9 29 26 26
1509_0031_0029_0064_0064.jpg 1 31 29 64 64
1510_0016_0010_0059_0059.jpg 1 16 10 59 59
1511_0012_0022_0042_0042.jpg 1 12 22 42 42
1512_0012_0033_0045_0045.jpg 1 12 33 45 45
1513_0016_0027_0059_0059.jpg 1 16 27 59 59
1514_0018_0009_0048_0048.jpg 1 18 9 48 48
1515_0016_0026_0064_0064.jpg 1 16 26 64 64
1516_0037_0044_0045_0045.jpg 1 37 44 45 45
1517_0009_0028_0067_0067.jpg 1 9 28 67 67
1518_0047_0019_0043_0043.jpg 1 47 19 43 43
1519_0041_0020_0050_0050.jpg 1 41 20 50 50
1520_0042_0030_0039_0039.jpg 1 42 30 39 39
1521_0018_0029_0058_0058.jpg 1 18 29 58 58
1522_0040_0005_0048_0048.jpg 1 40 5 48 48
1523_0034_0042_0045_0045.jpg 1 34 42 45 45
1524_0012_0054_0029_0029.jpg 1 12 54 29 29
1525_0008_0027_0063_0063.jpg 1 8 27 63 63
1526_0027_0008_0055_0055.jpg 1 27 8 55 55
1527_0039_0018_0047_0047.jpg 1 39 18 47 47
1528_0020_0021_0068_0068.jpg 1 20 21 68 68
1529_0024_0041_0054_0054.jpg 1 24 41 54 54
1530_0029_0004_0065_0065.jpg 1 29 4 65 65
1531_0016_0034_0050_0050.jpg 1 16 34 50 50
1532_0030_0020_0055_0055.jpg 1 30 20 55 55
1533_0024_0056_0024_0024.jpg 1 24 56 24 24
1534_0024_0032_0044_0044.jpg 1 24 32 44 44
1535_0007_0014_0065_0065.jpg 1 7 14 65 65
1536_0037_0013_0041_0041.jpg 1 37 13 41 41
1537_0037_0021_0036_0036.jpg 1 37 21 36 36
1538_0029_0038_0046_0046.jpg 1 29 38 46 46
1539_0026_0008_0054_0054.jpg 1 26 8 54 54
1540_0019_0026_0033_0033.jpg 1 19 26 33 33
1541_0046_0056_0026_0026.jpg 1 46 56 26 26
1542_0021_0019_0050_0050.jpg 1 21 19 50 50
1543_0052_0044_0029_0029.jpg 1 52 44 29 29
1544_0021_0038_0056_0056.jpg 1 21 38 56 56
1545_0058_0045_0033_0033.jpg 1 58 45 33 33
1546_0004_0009_0054_0054.jpg 1 4 9 54 54
1547_0007_0031_0056_0056.jpg 1 7 31 56 56
1548_0022_0040_0036_0036.jpg 1 22 40 36 36
1549_0027_0009_0058_0058.jpg 1 27 9 58 58
1550_0061_0050_0026_0026.jpg 1 61 50 26 26
1551_0014_0014_0065_0065.jpg 1 14 14 65 65
1552_0055_0038_0025_0025.jpg 1 55 38 25 25
1553_0042_0038_0030_0030.jpg 1 42 38 30 30
1554_0020_0057_0033_0033.jpg 1 20 57 33 33
1555_0007_0013_0069_0069.jpg 1 7 13 69 69
1556_0024_0046_0039_0039.jpg 1 24 46 39 39
1557_0018_0010_0054_0054.jpg 1 18 10 54 54
1558_0046_0016_0043_0043.jpg 1 46 16 43 43
1559_0050_0012_0041_0041.jpg 1 50 12 41 41
1560_0023_0025_0037_0037.jpg 1 23 25 37 37
1561_0020_0005_0065_0065.jpg 1 20 5 65 65
1562_0038_0010_0030_0030.jpg 1 38 10 30 30
1563_0014_0023_0029_0029.jpg 1 14 23 29 29
1564_0017_0012_0056_0056.jpg 1 17 12 56 56
1565_0013_0027_0056_0056.jpg 1 13 27 56 56
1566_0050_0008_0028_0028.jpg 1 50 8 28 28
1567_0028_0007_0054_0054.jpg 1 28 7 54 54
1568_0023_0007_0045_0045.jpg 1 23 7 45 45
1569_0030_0015_0041_0041.jpg 1 30 15 41 41
1570_0029_0025_0049_0049.jpg 1 29 25 49 49
1571_0012_0006_0061_0061.jpg 1 12 6 61 61
1572_0005_0021_0057_0057.jpg 1 5 21 57 57
1573_0009_0009_0058_0058.jpg 1 9 9 58 58
1574_0051_0049_0033_0033.jpg 1 51 49 33 33
1575_0025_0060_0027_0027.jpg 1 25 60 27 27
1576_0031_0032_0051_0051.jpg 1 31 32 51 51
1577_0040_0032_0048_0048.jpg 1 40 32 48 48
1578_0024_0011_0067_0067.jpg 1 24 11 67 67
1579_0007_0012_0029_0029.jpg 1 7 12 29 29
1580_0044_0032_0042_0042.jpg 1 44 32 42 42
1581_0011_0035_0057_0057.jpg 1 11 35 57 57
1582_0056_0018_0026_0026.jpg 1 56 18 26 26
1583_0020_0019_0057_0057.jpg 1 20 19 57 57
1584_0017_0010_0053_0053.jpg 1 17 10 53 53
1585_0022_0038_0031_0031.jpg 1 22 38 31 31
1586_0022_0057_0030_0030.jpg 1 22 57 30 30
1587_0028_0039_0027_0027.jpg 1 28 39 27 27
1588_0013_0031_0034_0034.jpg 1 13 31 34 34
1589_0006_0004_0067_0067.jpg 1 6 4 67 67
1590_0027_0007_0066_0066.jpg 1 27 7 66 66
1591_0048_0013_0038_0038.jpg 1 48 13 38 38
1592_0016_0012_0066_0066.jpg 1 16 12 66 66
1593_0021_0004_0061_0061.jpg 1 21 4 61 61
1594_0017_0004_0061_0061.jpg 1 17 4 61 61
1595_0026_0027_0039_0039.jpg 1 26 27 39 39
1596_0044_0006_0038_0038.jpg 1 44 6 38 38
1597_0034_0017_0056_0056.jpg 1 34 17 56 56
1598_0005_0041_0052_0052.jpg 1 5 41 52 52
1599_0023_0042_0049_0049.jpg 1 23 42 49 49
1600_0020_0045_0042_0042.jpg 1 20 45 42 42
1601_0027_0028_0043_0043.jpg 1 27 28 43 43
1602_0025_0027_0059_0059.jpg 1 25 27 59 59
1603_0050_0046_0030_0030.jpg 1 50 46 30 30
1604_0025_0045_0042_0042.jpg 1 25 45 42 42
1605_0017_0035_0048_0048.jpg 1 17 35 48 48
1606_0013_0023_0064_0064.jpg 1 13 23 64 64
1607_0010_0039_0032_0032.jpg 1 10 39 32 32
1608_0047_0025_0032_0032.jpg 1 47 25 32 32
1609_0047_0048_0036_0036.jpg 1 47 48 36 36
1610_0015_0006_0065_0065.jpg 1 15 6 65 65
1611_0050_0017_0030_0030.jpg 1 50 17 30 30
1612_0014_0020_0033_0033.jpg 1 14 20 33 33
1613_0056_0008_0030_0030.jpg 1 56 8 30 30
1614_0016_0043_0041_0041.jpg 1 16 43 41 41
1615_0046_0036_0036_0036.jpg 1 46 36 36 36
1616_0004_0020_0069_0069.jpg 1 4 20 69 69
1617_0050_0060_0031_0031.jpg 1 50 60 31 31
1618_0017_0026_0035_0035.jpg 1 17 26 35 35
1619_0024_0025_0053_0053.jpg 1 24 25 53 53
1620_0010_0019_0038_0038.jpg 1 10 19 38 38
1621_0021_0028_0031_0031.jpg 1 21 28 31 31
1622_0041_0039_0048_0048.jpg 1 41 39 48 48
1623_0006_0023_0055_0055.jpg 1 6 23 55 55
1624_0032_0007_0064_0064.jpg 1 32 7 64 64
1625_0028_0024_0040_0040.jpg 1 28 24 40 40
1626_0027_0029_0065_0065.jpg 1 27 29 65 65
1627_0039_0060_0027_0027.jpg 1 39 60 27 27
1628_0036_0009_0052_0052.jpg 1 36 9 52 52
1629_0020_0026_0027_0027.jpg 1 20 26 27 27
1630_0036_0012_0035_0035.jpg 1 36 12 35 35
1631_0007_0025_0047_0047.jpg 1 7 25 47 47
1632_0012_0007_0067_0067.jpg 1 12 7 67 67
1633_0008_0007_0054_0054.jpg 1 8 7 54 54
1634_0047_0049_0034_0034.jpg 1 47 49 34 34
1635_0037_0016_0053_0053.jpg 1 37 16 53 53
1636_0011_0005_0050_0050.jpg 1 11 5 50 50
1637_0009_0057_0035_0035.jpg 1 9 57 35 35
1638_0026_0009_0050_0050.jpg 1 26 9 50 50
1639_0026_0019_0059_0059.jpg 1 26 19 59 59
1640_0009_0021_0064_0064.jpg 1 9 21 64 64
1641_0015_0023_0053_0053.jpg 1 15 23 53 53
1642_0009_0021_0056_0056.jpg 1 9 21 56 56
1643_0013_0029_0065_0065.jpg 1 13 29 65 65
1644_0014_0014_0039_0039.jpg 1 14 14 39 39
1645_0032_0025_0026_0026.jpg 1 32 25 26 26
1646_0023_0015_0061_0061.jpg 1 23 15 61 61
1647_0027_0017_0055_0055.jpg 1 27 17 55 55
1648_0054_0022_0037_0037.jpg 1 54 22 37 37
1649_0037_0016_0039_0039.jpg 1 37 16 39 39
1650_0034_0009_0056_0056.jpg 1 34 9 56 56
1651_0016_0031_0045_0045.jpg 1 16 31 45 45
1652_0005_0009_0054_0054.jpg 1 5 9 54 54
1653_0025_0017_0063_0063.jpg 1 25 17 63 63
1654_0022_0025_0062_0062.jpg 1 22 25 62 62
1655_0035_0040_0051_0051.jpg 1 35 40 51 51
1656_0014_0007_0047_0047.jpg 1 14 7 47 47
1657_0032_0019_0058_0058.jpg 1 32 19 58 58
1658_0046_0016_0046_0046.jpg 1 46 16 46 46
1659_0020_0005_0067_0067.jpg 1 20 5 67 67
1660_0004_0033_0053_0053.jpg 1 4 33 53 53
1661_0013_0018_0063_0063.jpg 1 13 18 63 63
1662_0013_0011_0056_0056.jpg 1 13 11 56 56
1663_0005_0026_0057_0057.jpg 1 5 26 57 57
1664_0004_0010_0058_0058.jpg 1 4 10 58 58
1665_0043_0023_0032_0032.jpg 1 43 23 32 32
1666_0022_0025_0069_0069.jpg 1 22 25 69 69
1667_0036_0008_0030_0030.jpg 1 36 8 30 30
1668_0031_0035_0045_0045.jpg 1 31 35 45 45
1669_0056_0042_0027_0027.jpg 1 56 42 27 27
1670_0016_0008_0065_0065.jpg 1 16 8 65 65
1671_0021_0017_0046_0046.jpg 1 21 17 46 46
1672_0034_0014_0033_0033.jpg 1 34 14 33 33
1673_0011_0004_0064_0064.jpg 1 11 4 64 64
1674_0032_0031_0058_0058.jpg 1 32 31 58 58
1675_0022_0033_0053_0053.jpg 1 22 33 53 53
1676_0005_0005_0056_0056.jpg 1 5 5 56 56
1677_0051_0014_0039_0039.jpg 1 51 14 39 39
1678_0063_0049_0029_0029.jpg 1 63 49 29 29
1679_0019_0015_0066_0066.jpg 1 19 15 66 66
1680_0025_0026_0066_0066.jpg 1 25 26 66 66
1681_0036_0017_0048_0048.jpg 1 36 17 48 48
1682_0059_0045_0029_0029.jpg 1 59 45 29 29
1683_0016_0011_0066_0066.jpg 1 16 11 66 66
1684_0021_0043_0024_0024.jpg 1 21 43 24 24
1685_0020_0007_0057_0057.jpg 1 20 7 57 57
1686_0014_0023_0038_0038.jpg 1 14 23 38 38
1687_0004_0012_0068_0068.jpg 1 4 12 68 68
1688_0013_0031_0055_0055.jpg 1 13 31 55 55
1689_0022_0046_0046_0046.jpg 1 22 46 46 46
1690_0019_0015_0065_0065.jpg 1 19 15 65 65
1691_0036_0030_0049_0049.jpg 1 36 30 49 49
1692_0005_0024_0068_0068.jpg 1 5 24 68 68
1693_0007_0022_0041_0041.jpg 1 7 22 41 41
1694_0007_0011_0061_0061.jpg 1 7 11 61 61
1695_0040_0057_0028_0028.jpg 1 40 57 28 28
1696_0037_0054_0033_0033.jpg 1 37 54 33 33
1697_0036_0030_0040_0040.jpg 1 36 30 40 40
1698_0027_0018_0067_0067.jpg 1 27 18 67 67
1699_0035_0028_0045_0045.jpg 1 35 28 45 45
1700_0037_0005_0051_0051.jpg 1 37 5 51 51
1701_0027_0005_0048_0048.jpg 1 27 5 48 48
1702_0040_0008_0025_0025.jpg 1 40 8 25 25
1703_0019_0051_0042_0042.jpg 1 19 51 42 42
1704_0007_0016_0037_0037.jpg 1 7 16 37 37
1705_0031_0029_0044_0044.jpg 1 31 29 44 44
1706_0044_0048_0032_0032.jpg 1 44 48 32 32
1707_0045_0031_0042_0042.jpg 1 45 31 42 42
1708_0025_0011_0049_0049.jpg 1 25 11 49 49
1709_0034_0020_0035_0035.jpg 1 34 20 35 35
1710_0033_0031_0057_0057.jpg 1 33 31 57 57
1711_0004_0015_0068_0068.jpg 1 4 15 68 68
1712_0032_0020_0052_0052.jpg 1 32 20 52 52
1713_0023_0006_0048_0048.jpg 1 23 6 48 48
1714_0033_0016_0057_0057.jpg 1 33 16 57 57
1715_0018_0034_0059_0059.jpg 1 18 34 59 59
1716_0031_0037_0055_0055.jpg 1 31 37 55 55
1717_0014_0020_0030_0030.jpg 1 14 20 30 30
1718_0011_0006_0046_0046.jpg 1 11 6 46 46
1719_0038_0039_0049_0049.jpg 1 38 39 49 49
1720_0016_0045_0028_0028.jpg 1 16 45 28 28
1721_0044_0046_0036_0036.jpg 1 44 46 36 36
1722_0021_0029_0046_0046.jpg 1 21 29 46 46
1723_0044_0040_0036_0036.jpg 1 44 40 36 36
1724_0037_0044_0037_0037.jpg 1 37 44 37 37
1725_0027_0026_0065_0065.jpg 1 27 26 65 65
1726_0010_0024_0067_0067.jpg 1 10 24 67 67
1727_0054_0050_0027_0027.jpg 1 54 50 27 27
1728_0019_0026_0037_0037.jpg 1 19 26 37 37
1729_0006_0025_0067_0067.jpg 1 6 25 67 67
1730_0012_0031_0061_0061.jpg 1 12 31 61 61
1731_0056_0050_0033_0033.jpg 1 56 50 33 33
1732_0031_0016_0039_0039.jpg 1 31 16 39 39
1733_0029_0048_0034_0034.jpg 1 29 48 34 34
1734_0003_0006_0067_0067.jpg 1 3 6 67 67
1735_0020_0021_0064_0064.jpg 1 20 21 64 64
1736_0006_0050_0043_0043.jpg 1 6 50 43 43
1737_0049_0045_0029_0029.jpg 1 49 45 29 29
1738_0026_0035_0053_0053.jpg 1 26 35 53 53
1739_0020_0054_0031_0031.jpg 1 20 54 31 31
1740_0033_0044_0046_0046.jpg 1 33 44 46 46
1741_0058_0015_0028_0028.jpg 1 58 15 28 28
1742_0024_0032_0063_0063.jpg 1 24 32 63 63
1743_0041_0008_0034_0034.jpg 1 41 8 34 34
1744_0006_0022_0064_0064.jpg 1 6 22 64 64
1745_0018_0044_0029_0029.jpg 1 18 44 29 29
1746_0018_0043_0047_0047.jpg 1 18 43 47 47
1747_0010_0005_0064_0064.jpg 1 10 5 64 64
1748_0043_0040_0033_0033.jpg 1 43 40 33 33
1749_0018_0042_0045_0045.jpg 1 18 42 45 45
1750_0052_0060_0026_0026.jpg 1 52 60 26 26
1751_0051_0045_0024_0024.jpg 1 51 45 24 24
1752_0020_0006_0069_0069.jpg 1 20 6 69 69
1753_0014_0030_0060_0060.jpg 1 14 30 60 60
1754_0025_0021_0066_0066.jpg 1 25 21 66 66
1755_0052_0017_0028_0028.jpg 1 52 17 28 28
1756_0024_0006_0041_0041.jpg 1 24 6 41 41
1757_0036_0010_0039_0039.jpg 1 36 10 39 39
1758_0027_0038_0032_0032.jpg 1 27 38 32 32
1759_0059_0052_0034_0034.jpg 1 59 52 34 34
1760_0030_0054_0036_0036.jpg 1 30 54 36 36
1761_0041_0011_0048_0048.jpg 1 41 11 48 48
1762_0015_0020_0065_0065.jpg 1 15 20 65 65
1763_0032_0045_0039_0039.jpg 1 32 45 39 39
1764_0012_0006_0056_0056.jpg 1 12 6 56 56
1765_0016_0012_0059_0059.jpg 1 16 12 59 59
1766_0035_0028_0057_0057.jpg 1 35 28 57 57
1767_0036_0037_0054_0054.jpg 1 36 37 54 54
1768_0023_0022_0046_0046.jpg 1 23 22 46 46
1769_0025_0010_0057_0057.jpg 1 25 10 57 57
1770_0035_0021_0060_0060.jpg 1 35 21 60 60
1771_0053_0026_0027_0027.jpg 1 53 26 27 27
1772_0023_0028_0058_0058.jpg 1 23 28 58 58
1773_0060_0042_0025_0025.jpg 1 60 42 25 25
1774_0024_0034_0043_0043.jpg 1 24 34 43 43
1775_0037_0048_0046_0046.jpg 1 37 48 46 46
1776_0035_0055_0035_0035.jpg 1 35 55 35 35
1777_0020_0006_0056_0056.jpg 1 20 6 56 56
1778_0037_0018_0057_0057.jpg 1 37 18 57 57
1779_0026_0004_0062_0062.jpg 1 26 4 62 62
1780_0057_0051_0031_0031.jpg 1 57 51 31 31
1781_0047_0017_0040_0040.jpg 1 47 17 40 40
1782_0019_0029_0043_0043.jpg 1 19 29 43 43
1783_0025_0011_0067_0067.jpg 1 25 11 67 67
1784_0015_0013_0066_0066.jpg 1 15 13 66 66
1785_0043_0028_0030_0030.jpg 1 43 28 30 30
1786_0013_0010_0065_0065.jpg 1 13 10 65 65
1787_0031_0028_0039_0039.jpg 1 31 28 39 39
1788_0015_0007_0040_0040.jpg 1 15 7 40 40
1789_0032_0041_0044_0044.jpg 1 32 41 44 44
1790_0006_0038_0038_0038.jpg 1 6 38 38 38
1791_0025_0022_0035_0035.jpg 1 25 22 35 35
1792_0013_0021_0065_0065.jpg 1 13 21 65 65
1793_0046_0054_0030_0030.jpg 1 46 54 30 30
1794_0012_0026_0060_0060.jpg 1 12 26 60 60
1795_0030_0036_0032_0032.jpg 1 30 36 32 32
1796_0028_0025_0044_0044.jpg 1 28 25 44 44
1797_0027_0026_0039_0039.jpg 1 27 26 39 39
1798_0031_0024_0057_0057.jpg 1 31 24 57 57
1799_0022_0027_0038_0038.jpg 1 22 27 38 38
1800_0027_0040_0031_0031.jpg 1 27 40 31 31
1801_0055_0050_0029_0029.jpg 1 55 50 29 29
1802_0062_0044_0024_0024.jpg 1 62 44 24 24
1803_0021_0018_0069_0069.jpg 1 21 18 69 69
1804_0017_0049_0036_0036.jpg 1 17 49 36 36
1805_0032_0022_0031_0031.jpg 1 32 22 31 31
1806_0022_0017_0054_0054.jpg 1 22 17 54 54
1807_0034_0028_0059_0059.jpg 1 34 28 59 59
1808_0030_0021_0064_0064.jpg 1 30 21 64 64
1809_0056_0041_0025_0025.jpg 1 56 41 25 25
1810_0019_0035_0059_0059.jpg 1 19 35 59 59
1811_0019_0022_0067_0067.jpg 1 19 22 67 67
1812_0018_0017_0063_0063.jpg 1 18 17 63 63
1813_0032_0016_0054_0054.jpg 1 32 16 54 54
1814_0016_0025_0024_0024.jpg 1 16 25 24 24
1815_0035_0015_0037_0037.jpg 1 35 15 37 37
1816_0010_0026_0066_0066.jpg 1 10 26 66 66
1817_0018_0020_0059_0059.jpg 1 18 20 59 59
1818_0013_0014_0056_0056.jpg 1 13 14 56 56
1819_0034_0021_0060_0060.jpg 1 34 21 60 60
1820_0046_0047_0040_0040.jpg 1 46 47 40 40
1821_0045_0055_0036_0036.jpg 1 45 55 36 36
1822_0058_0025_0034_0034.jpg 1 58 25 34 34
1823_0055_0051_0031_0031.jpg 1 55 51 31 31
1824_0004_0018_0055_0055.jpg 1 4 18 55 55
1825_0027_0015_0061_0061.jpg 1 27 15 61 61
1826_0041_0059_0031_0031.jpg 1 41 59 31 31
1827_0047_0020_0046_0046.jpg 1 47 20 46 46
1828_0009_0049_0040_0040.jpg 1 9 49 40 40
1829_0041_0009_0041_0041.jpg 1 41 9 41 41
1830_0011_0035_0053_0053.jpg 1 11 35 53 53
1831_0025_0027_0058_0058.jpg 1 25 27 58 58
1832_0035_0027_0038_0038.jpg 1 35 27 38 38
1833_0043_0021_0033_0033.jpg 1 43 21 33 33
1834_0005_0018_0065_0065.jpg 1 5 18 65 65
1835_0024_0010_0029_0029.jpg 1 24 10 29 29
1836_0007_0021_0069_0069.jpg 1 7 21 69 69
1837_0020_0005_0067_0067.jpg 1 20 5 67 67
1838_0017_0015_0066_0066.jpg 1 17 15 66 66
1839_0007_0017_0069_0069.jpg 1 7 17 69 69
1840_0007_0014_0051_0051.jpg 1 7 14 51 51
1841_0021_0011_0056_0056.jpg 1 21 11 56 56
1842_0036_0006_0058_0058.jpg 1 36 6 58 58
1843_0050_0051_0037_0037.jpg 1 50 51 37 37
1844_0008_0012_0064_0064.jpg 1 8 12 64 64
1845_0037_0021_0043_0043.jpg 1 37 21 43 43
1846_0018_0013_0060_0060.jpg 1 18 13 60 60
1847_0029_0024_0067_0067.jpg 1 29 24 67 67
1848_0030_0035_0060_0060.jpg 1 30 35 60 60
1849_0029_0030_0039_0039.jpg 1 29 30 39 39
1850_0028_0051_0025_0025.jpg 1 28 51 25 25
1851_0008_0008_0060_0060.jpg 1 8 8 60 60
1852_0039_0029_0033_0033.jpg 1 39 29 33 33
1853_0015_0023_0041_0041.jpg 1 15 23 41 41
1854_0053_0026_0040_0040.jpg 1 53 26 40 40
1855_0010_0035_0058_0058.jpg 1 10 35 58 58
1856_0015_0007_0069_0069.jpg 1 15 7 69 69
1857_0037_0017_0043_0043.jpg 1 37 17 43 43
1858_0055_0028_0031_0031.jpg 1 55 28 31 31
1859_0015_0022_0054_0054.jpg 1 15 22 54 54
1860_0007_0020_0054_0054.jpg 1 7 20 54 54
1861_0060_0025_0031_0031.jpg 1 60 25 31 31
1862_0028_0011_0039_0039.jpg 1 28 11 39 39
1863_0034_0015_0056_0056.jpg 1 34 15 56 56
1864_0010_0027_0043_0043.jpg 1 10 27 43 43
1865_0026_0062_0030_0030.jpg 1 26 62 30 30
1866_0009_0038_0033_0033.jpg 1 9 38 33 33
1867_0019_0027_0051_0051.jpg 1 19 27 51 51
1868_0047_0011_0028_0028.jpg 1 47 11 28 28
1869_0046_0010_0048_0048.jpg 1 46 10 48 48
1870_0041_0041_0040_0040.jpg 1 41 41 40 40
1871_0022_0012_0048_0048.jpg 1 22 12 48 48
1872_0031_0023_0045_0045.jpg 1 31 23 45 45
1873_0008_0053_0039_0039.jpg 1 8 53 39 39
1874_0018_0046_0044_0044.jpg 1 18 46 44 44
1875_0006_0011_0050_0050.jpg 1 6 11 50 50
1876_0032_0012_0042_0042.jpg 1 32 12 42 42
1877_0025_0032_0047_0047.jpg 1 25 32 47 47
1878_0021_0023_0054_0054.jpg 1 21 23 54 54
1879_0039_0028_0038_0038.jpg 1 39 28 38 38
1880_0017_0023_0024_0024.jpg 1 17 23 24 24
1881_0017_0028_0067_0067.jpg 1 17 28 67 67
1882_0034_0038_0025_0025.jpg 1 34 38 25 25
1883_0031_0025_0050_0050.jpg 1 31 25 50 50
1884_0012_0019_0061_0061.jpg 1 12 19 61 61
1885_0057_0020_0035_0035.jpg 1 57 20 35 35
1886_0061_0011_0030_0030.jpg 1 61 11 30 30
1887_0026_0019_0044_0044.jpg 1 26 19 44 44
1888_0013_0021_0056_0056.jpg 1 13 21 56 56
1889_0055_0057_0029_0029.jpg 1 55 57 29 29
1890_0020_0027_0041_0041.jpg 1 20 27 41 41
1891_0059_0037_0030_0030.jpg 1 59 37 30 30
1892_0016_0005_0067_0067.jpg 1 16 5 67 67
1893_0033_0014_0045_0045.jpg 1 33 14 45 45
1894_0009_0010_0052_0052.jpg 1 9 10 52 52
1895_0029_0009_0052_0052.jpg 1 29 9 52 52
1896_0035_0041_0039_0039.jpg 1 35 41 39 39
1897_0011_0008_0049_0049.jpg 1 11 8 49 49
1898_0012_0013_0053_0053.jpg 1 12 13 53 53
1899_0025_0019_0068_0068.jpg 1 25 19 68 68
1900_0043_0045_0045_0045.jpg 1 43 45 45 45
1901_0028_0015_0064_0064.jpg 1 28 15 64 64
1902_0046_0030_0034_0034.jpg 1 46 30 34 34
1903_0037_0024_0056_0056.jpg 1 37 24 56 56
1904_0024_0028_0068_0068.jpg 1 24 28 68 68
1905_0012_0022_0053_0053.jpg 1 12 22 53 53
1906_0018_0026_0059_0059.jpg 1 18 26 59 59
1907_0045_0010_0043_0043.jpg 1 45 10 43 43
1908_0055_0061_0029_0029.jpg 1 55 61 29 29
1909_0034_0025_0042_0042.jpg 1 34 25 42 42
1910_0038_0008_0056_0056.jpg 1 38 8 56 56
1911_0010_0028_0055_0055.jpg 1 10 28 55 55
1912_0007_0011_0039_0039.jpg 1 7 11 39 39
1913_0041_0030_0032_0032.jpg 1 41 30 32 32
1914_0025_0036_0043_0043.jpg 1 25 36 43 43
1915_0040_0038_0029_0029.jpg 1 40 38 29 29
1916_0008_0005_0047_0047.jpg 1 8 5 47 47
1917_0016_0013_0046_0046.jpg 1 16 13 46 46
1918_0035_0013_0057_0057.jpg 1 35 13 57 57
1919_0018_0014_0065_0065.jpg 1 18 14 65 65
1920_0011_0032_0064_0064.jpg 1 11 32 64 64
1921_0039_0020_0050_0050.jpg 1 39 20 50 50
1922_0009_0012_0062_0062.jpg 1 9 12 62 62
1923_0027_0034_0037_0037.jpg 1 27 34 37 37
1924_0019_0036_0039_0039.jpg 1 19 36 39 39
1925_0052_0057_0028_0028.jpg 1 52 57 28 28
1926_0024_0028_0054_0054.jpg 1 24 28 54 54
1927_0026_0021_0051_0051.jpg 1 26 21 51 51
1928_0016_0017_0069_0069.jpg 1 16 17 69 69
1929_0034_0036_0049_0049.jpg 1 34 36 49 49
1930_0029_0011_0042_0042.jpg 1 29 11 42 42
1931_0060_0030_0029_0029.jpg 1 60 30 29 29
1932_0012_0015_0068_0068.jpg 1 12 15 68 68
1933_0041_0010_0043_0043.jpg 1 41 10 43 43
1934_0005_0034_0054_0054.jpg 1 5 34 54 54
1935_0039_0011_0024_0024.jpg 1 39 11 24 24
1936_0032_0034_0057_0057.jpg 1 32 34 57 57
1937_0035_0034_0057_0057.jpg 1 35 34 57 57
1938_0007_0031_0053_0053.jpg 1 7 31 53 53
1939_0028_0057_0035_0035.jpg 1 28 57 35 35
1940_0009_0031_0061_0061.jpg 1 9 31 61 61
1941_0019_0022_0069_0069.jpg 1 19 22 69 69
1942_0003_0004_0067_0067.jpg 1 3 4 67 67
1943_0010_0026_0058_0058.jpg 1 10 26 58 58
1944_0031_0009_0031_0031.jpg 1 31 9 31 31
1945_0035_0014_0047_0047.jpg 1 35 14 47 47
1946_0023_0028_0048_0048.jpg 1 23 28 48 48
1947_0032_0029_0054_0054.jpg 1 32 29 54 54
1948_0042_0028_0045_0045.jpg 1 42 28 45 45
1949_0019_0028_0041_0041.jpg 1 19 28 41 41
1950_0016_0023_0057_0057.jpg 1 16 23 57 57
